edgar.rb get10k called with acn TICKER: IBM , YEAR: 2009 , ACN: 0001047469-10-001151
Called find_names_of_income_and_balance_statements()
Found filename for document
Found filename for document
Found filename for document
Found filename for document
Found filename for document
Found the filing Summary!!!!!
checking a report named: Consolidated Statement of Earnings
Found income report!!!!! its in the file: R1.xml
checking a report named: Consolidated Statement of Financial Position
Found Balance report!!!!! its in the file: R2.xml
found line <FILENAME>a2195966z10-k.htm
found line <FILENAME>a2195966zex-3.htm
found line <FILENAME>a2195966zex-10_1.htm
found line <FILENAME>a2195966zex-10_2.htm
found line <FILENAME>a2195966zex-10_3.htm
found line <FILENAME>a2195966zex-12.htm
found line <FILENAME>a2195966zex-13.htm
found line <FILENAME>a2195966zex-21.htm
found line <FILENAME>a2195966zex-23_1.htm
found line <FILENAME>a2195966zex-24_1.htm
found line <FILENAME>a2195966zex-24_2.htm
found line <FILENAME>a2195966zex-31_1.htm
found line <FILENAME>a2195966zex-31_2.htm
found line <FILENAME>a2195966zex-32_1.htm
found line <FILENAME>a2195966zex-32_2.htm
found line <FILENAME>ibm-20091231.xml
found line <FILENAME>ibm-20091231.xsd
found line <FILENAME>ibm-20091231_cal.xml
found line <FILENAME>ibm-20091231_def.xml
found line <FILENAME>ibm-20091231_lab.xml
found line <FILENAME>ibm-20091231_pre.xml
found line <FILENAME>g356112ko11i001.jpg
found line <FILENAME>g356112ko11i002.jpg
found line <FILENAME>g356112ko11i003.jpg
found line <FILENAME>g356112ko37i001.jpg
found line <FILENAME>g356112ko37i002.jpg
found line <FILENAME>g356112ko39i001.jpg
found line <FILENAME>R19.xml
found line <FILENAME>R29.xml
found line <FILENAME>R11.xml
found line <FILENAME>R10.xml
found line <FILENAME>R30.xml
found line <FILENAME>R8.xml
found line <FILENAME>R22.xml
found line <FILENAME>R31.xml
found line <FILENAME>R18.xml
found line <FILENAME>R12.xml
found line <FILENAME>R3.xml
found line <FILENAME>R14.xml
found line <FILENAME>R15.xml
found line <FILENAME>R24.xml
found line <FILENAME>R20.xml
found line <FILENAME>R4.xml
found line <FILENAME>R27.xml
found line <FILENAME>R16.xml
found line <FILENAME>R28.xml
found line <FILENAME>R9.xml
found line <FILENAME>R6.xml
found line <FILENAME>R5.xml
found line <FILENAME>R23.xml
found line <FILENAME>defnref.xml
found line <FILENAME>R21.xml
found line <FILENAME>R13.xml
found line <FILENAME>R26.xml
found line <FILENAME>R1.xml
ERROR no talbel in document:

<TYPE>XML
<SEQUENCE>55
<FILENAME>R1.xml
<DESCRIPTION>IDEA: Consolidated Statement of Earnings
<TEXT>
<XBRL>
<?xml version="1.0" encoding="utf-8"?>
<InstanceReport xmlns:xsi="http://www.w3.org/2001/XMLSchema-instance" xmlns:xsd="http://www.w3.org/2001/XMLSchema">
  <Version>1.0.0.3</Version>
  <hasSegments>false</hasSegments>
  <ReportName>Consolidated Statement of Earnings (USD $)</ReportName>
  <RoundingOption>In Millions, except Share data</RoundingOption>
  <Columns>
    <Column>
      <LabelColumn>false</LabelColumn>
      <Id>1</Id>
      <Labels>
        <Label Id="1" Label="12 Months Ended" />
        <Label Id="2" Label="Dec. 31, 2009" />
      </Labels>
      <CurrencySymbol>$</CurrencySymbol>
      <hasSegments>false</hasSegments>
      <hasScenarios>false</hasScenarios>
      <Segments />
      <Scenarios />
      <Units>
        <Unit>
          <UnitID>shares</UnitID>
          <UnitType>Standard</UnitType>
          <StandardMeasure>
            <MeasureSchema>http://www.xbrl.org/2003/instance</MeasureSchema>
            <MeasureValue>shares</MeasureValue>
            <MeasureNamespace>xbrli</MeasureNamespace>
          </StandardMeasure>
          <Scale>0</Scale>
        </Unit>
        <Unit>
          <UnitID>usd</UnitID>
          <UnitType>Standard</UnitType>
          <StandardMeasure>
            <MeasureSchema>http://www.xbrl.org/2003/iso4217</MeasureSchema>
            <MeasureValue>USD</MeasureValue>
            <MeasureNamespace>iso4217</MeasureNamespace>
          </StandardMeasure>
          <Scale>0</Scale>
        </Unit>
        <Unit>
          <UnitID>usdPerShare</UnitID>
          <UnitType>Divide</UnitType>
          <NumeratorMeasure>
            <MeasureSchema>http://www.xbrl.org/2003/iso4217</MeasureSchema>
            <MeasureValue>USD</MeasureValue>
            <MeasureNamespace>iso4217</MeasureNamespace>
          </NumeratorMeasure>
          <DenominatorMeasure>
            <MeasureSchema>http://www.xbrl.org/2003/instance</MeasureSchema>
            <MeasureValue>shares</MeasureValue>
            <MeasureNamespace>xbrli</MeasureNamespace>
          </DenominatorMeasure>
          <Scale>0</Scale>
        </Unit>
      </Units>
    </Column>
    <Column>
      <LabelColumn>false</LabelColumn>
      <Id>2</Id>
      <Labels>
        <Label Id="1" Label="12 Months Ended" />
        <Label Id="2" Label="Dec. 31, 2008" />
      </Labels>
      <CurrencySymbol>$</CurrencySymbol>
      <hasSegments>false</hasSegments>
      <hasScenarios>false</hasScenarios>
      <Segments />
      <Scenarios />
      <Units>
        <Unit>
          <UnitID>shares</UnitID>
          <UnitType>Standard</UnitType>
          <StandardMeasure>
            <MeasureSchema>http://www.xbrl.org/2003/instance</MeasureSchema>
            <MeasureValue>shares</MeasureValue>
            <MeasureNamespace>xbrli</MeasureNamespace>
          </StandardMeasure>
          <Scale>0</Scale>
        </Unit>
        <Unit>
          <UnitID>usd</UnitID>
          <UnitType>Standard</UnitType>
          <StandardMeasure>
            <MeasureSchema>http://www.xbrl.org/2003/iso4217</MeasureSchema>
            <MeasureValue>USD</MeasureValue>
            <MeasureNamespace>iso4217</MeasureNamespace>
          </StandardMeasure>
          <Scale>0</Scale>
        </Unit>
        <Unit>
          <UnitID>usdPerShare</UnitID>
          <UnitType>Divide</UnitType>
          <NumeratorMeasure>
            <MeasureSchema>http://www.xbrl.org/2003/iso4217</MeasureSchema>
            <MeasureValue>USD</MeasureValue>
            <MeasureNamespace>iso4217</MeasureNamespace>
          </NumeratorMeasure>
          <DenominatorMeasure>
            <MeasureSchema>http://www.xbrl.org/2003/instance</MeasureSchema>
            <MeasureValue>shares</MeasureValue>
            <MeasureNamespace>xbrli</MeasureNamespace>
          </DenominatorMeasure>
          <Scale>0</Scale>
        </Unit>
      </Units>
    </Column>
    <Column>
      <LabelColumn>false</LabelColumn>
      <Id>3</Id>
      <Labels>
        <Label Id="1" Label="12 Months Ended" />
        <Label Id="2" Label="Dec. 31, 2007" />
      </Labels>
      <CurrencySymbol>$</CurrencySymbol>
      <hasSegments>false</hasSegments>
      <hasScenarios>false</hasScenarios>
      <Segments />
      <Scenarios />
      <Units>
        <Unit>
          <UnitID>shares</UnitID>
          <UnitType>Standard</UnitType>
          <StandardMeasure>
            <MeasureSchema>http://www.xbrl.org/2003/instance</MeasureSchema>
            <MeasureValue>shares</MeasureValue>
            <MeasureNamespace>xbrli</MeasureNamespace>
          </StandardMeasure>
          <Scale>0</Scale>
        </Unit>
        <Unit>
          <UnitID>usd</UnitID>
          <UnitType>Standard</UnitType>
          <StandardMeasure>
            <MeasureSchema>http://www.xbrl.org/2003/iso4217</MeasureSchema>
            <MeasureValue>USD</MeasureValue>
            <MeasureNamespace>iso4217</MeasureNamespace>
          </StandardMeasure>
          <Scale>0</Scale>
        </Unit>
        <Unit>
          <UnitID>usdPerShare</UnitID>
          <UnitType>Divide</UnitType>
          <NumeratorMeasure>
            <MeasureSchema>http://www.xbrl.org/2003/iso4217</MeasureSchema>
            <MeasureValue>USD</MeasureValue>
            <MeasureNamespace>iso4217</MeasureNamespace>
          </NumeratorMeasure>
          <DenominatorMeasure>
            <MeasureSchema>http://www.xbrl.org/2003/instance</MeasureSchema>
            <MeasureValue>shares</MeasureValue>
            <MeasureNamespace>xbrli</MeasureNamespace>
          </DenominatorMeasure>
          <Scale>0</Scale>
        </Unit>
      </Units>
    </Column>
  </Columns>
  <Rows>
    <Row>
      <Id>6</Id>
      <Label>Revenue:</Label>
      <Level>4</Level>
      <ElementName>us-gaap_RevenuesAbstract</ElementName>
      <ElementPrefix>us-gaap</ElementPrefix>
      <IsBaseElement>true</IsBaseElement>
      <BalanceType>na</BalanceType>
      <PeriodType>duration</PeriodType>
      <ElementDataType>string</ElementDataType>
      <ShortDefinition>No definition available.</ShortDefinition>
      <IsReportTitle>false</IsReportTitle>
      <IsSegmentTitle>false</IsSegmentTitle>
      <IsSubReportEnd>false</IsSubReportEnd>
      <IsCalendarTitle>false</IsCalendarTitle>
      <IsTuple>false</IsTuple>
      <IsAbstractGroupTitle>true</IsAbstractGroupTitle>
      <IsBeginningBalance>false</IsBeginningBalance>
      <IsEndingBalance>false</IsEndingBalance>
      <IsEPS>false</IsEPS>
      <Cells>
        <Cell>
          <Id>1</Id>
          <ShowCurrencySymbol>false</ShowCurrencySymbol>
          <IsNumeric>false</IsNumeric>
          <NumericAmount>0</NumericAmount>
          <RoundedNumericAmount>0</RoundedNumericAmount>
          <NonNumbericText />
          <NonNumericTextHeader />
          <FootnoteIndexer />
          <hasSegments>false</hasSegments>
          <hasScenarios>false</hasScenarios>
        </Cell>
        <Cell>
          <Id>2</Id>
          <ShowCurrencySymbol>false</ShowCurrencySymbol>
          <IsNumeric>false</IsNumeric>
          <NumericAmount>0</NumericAmount>
          <RoundedNumericAmount>0</RoundedNumericAmount>
          <NonNumbericText />
          <NonNumericTextHeader />
          <FootnoteIndexer />
          <hasSegments>false</hasSegments>
          <hasScenarios>false</hasScenarios>
        </Cell>
        <Cell>
          <Id>3</Id>
          <ShowCurrencySymbol>false</ShowCurrencySymbol>
          <IsNumeric>false</IsNumeric>
          <NumericAmount>0</NumericAmount>
          <RoundedNumericAmount>0</RoundedNumericAmount>
          <NonNumbericText />
          <NonNumericTextHeader />
          <FootnoteIndexer />
          <hasSegments>false</hasSegments>
          <hasScenarios>false</hasScenarios>
        </Cell>
      </Cells>
      <ElementDefenition>No definition available.</ElementDefenition>
      <IsTotalLabel>false</IsTotalLabel>
    </Row>
    <Row>
      <Id>7</Id>
      <Label>Services</Label>
      <Level>5</Level>
      <ElementName>us-gaap_SalesRevenueServicesNet</ElementName>
      <ElementPrefix>us-gaap</ElementPrefix>
      <IsBaseElement>true</IsBaseElement>
      <BalanceType>credit</BalanceType>
      <PeriodType>duration</PeriodType>
      <ElementDataType>monetary</ElementDataType>
      <ShortDefinition>No definition available.</ShortDefinition>
      <IsReportTitle>false</IsReportTitle>
      <IsSegmentTitle>false</IsSegmentTitle>
      <IsSubReportEnd>false</IsSubReportEnd>
      <IsCalendarTitle>false</IsCalendarTitle>
      <IsTuple>false</IsTuple>
      <IsAbstractGroupTitle>false</IsAbstractGroupTitle>
      <IsBeginningBalance>false</IsBeginningBalance>
      <IsEndingBalance>false</IsEndingBalance>
      <IsEPS>false</IsEPS>
      <Cells>
        <Cell>
          <Id>1</Id>
          <ShowCurrencySymbol>true</ShowCurrencySymbol>
          <IsNumeric>true</IsNumeric>
          <NumericAmount>55128000000</NumericAmount>
          <RoundedNumericAmount>55128</RoundedNumericAmount>
          <NonNumbericText />
          <NonNumericTextHeader />
          <FootnoteIndexer />
          <hasSegments>false</hasSegments>
          <hasScenarios>false</hasScenarios>
        </Cell>
        <Cell>
          <Id>2</Id>
          <ShowCurrencySymbol>true</ShowCurrencySymbol>
          <IsNumeric>true</IsNumeric>
          <NumericAmount>58892000000</NumericAmount>
          <RoundedNumericAmount>58892</RoundedNumericAmount>
          <NonNumbericText />
          <NonNumericTextHeader />
          <FootnoteIndexer />
          <hasSegments>false</hasSegments>
          <hasScenarios>false</hasScenarios>
        </Cell>
        <Cell>
          <Id>3</Id>
          <ShowCurrencySymbol>true</ShowCurrencySymbol>
          <IsNumeric>true</IsNumeric>
          <NumericAmount>54057000000</NumericAmount>
          <RoundedNumericAmount>54057</RoundedNumericAmount>
          <NonNumbericText />
          <NonNumericTextHeader />
          <FootnoteIndexer />
          <hasSegments>false</hasSegments>
          <hasScenarios>false</hasScenarios>
        </Cell>
      </Cells>
      <ElementDefenition>No definition available.</ElementDefenition>
      <ElementReferences>No authoritative reference available.</ElementReferences>
      <IsTotalLabel>false</IsTotalLabel>
    </Row>
    <Row>
      <Id>8</Id>
      <Label>Sales</Label>
      <Level>5</Level>
      <ElementName>us-gaap_SalesRevenueGoodsNet</ElementName>
      <ElementPrefix>us-gaap</ElementPrefix>
      <IsBaseElement>true</IsBaseElement>
      <BalanceType>credit</BalanceType>
      <PeriodType>duration</PeriodType>
      <ElementDataType>monetary</ElementDataType>
      <ShortDefinition>No definition available.</ShortDefinition>
      <IsReportTitle>false</IsReportTitle>
      <IsSegmentTitle>false</IsSegmentTitle>
      <IsSubReportEnd>false</IsSubReportEnd>
      <IsCalendarTitle>false</IsCalendarTitle>
      <IsTuple>false</IsTuple>
      <IsAbstractGroupTitle>false</IsAbstractGroupTitle>
      <IsBeginningBalance>false</IsBeginningBalance>
      <IsEndingBalance>false</IsEndingBalance>
      <IsEPS>false</IsEPS>
      <Cells>
        <Cell>
          <Id>1</Id>
          <ShowCurrencySymbol>false</ShowCurrencySymbol>
          <IsNumeric>true</IsNumeric>
          <NumericAmount>38300000000</NumericAmount>
          <RoundedNumericAmount>38300</RoundedNumericAmount>
          <NonNumbericText />
          <NonNumericTextHeader />
          <FootnoteIndexer />
          <hasSegments>false</hasSegments>
          <hasScenarios>false</hasScenarios>
        </Cell>
        <Cell>
          <Id>2</Id>
          <ShowCurrencySymbol>false</ShowCurrencySymbol>
          <IsNumeric>true</IsNumeric>
          <NumericAmount>42156000000</NumericAmount>
          <RoundedNumericAmount>42156</RoundedNumericAmount>
          <NonNumbericText />
          <NonNumericTextHeader />
          <FootnoteIndexer />
          <hasSegments>false</hasSegments>
          <hasScenarios>false</hasScenarios>
        </Cell>
        <Cell>
          <Id>3</Id>
          <ShowCurrencySymbol>false</ShowCurrencySymbol>
          <IsNumeric>true</IsNumeric>
          <NumericAmount>42202000000</NumericAmount>
          <RoundedNumericAmount>42202</RoundedNumericAmount>
          <NonNumbericText />
          <NonNumericTextHeader />
          <FootnoteIndexer />
          <hasSegments>false</hasSegments>
          <hasScenarios>false</hasScenarios>
        </Cell>
      </Cells>
      <ElementDefenition>No definition available.</ElementDefenition>
      <ElementReferences>No authoritative reference available.</ElementReferences>
      <IsTotalLabel>false</IsTotalLabel>
    </Row>
    <Row>
      <Id>9</Id>
      <Label>Financing</Label>
      <Level>5</Level>
      <ElementName>us-gaap_FinancialServicesRevenue</ElementName>
      <ElementPrefix>us-gaap</ElementPrefix>
      <IsBaseElement>true</IsBaseElement>
      <BalanceType>credit</BalanceType>
      <PeriodType>duration</PeriodType>
      <ElementDataType>monetary</ElementDataType>
      <ShortDefinition>No definition available.</ShortDefinition>
      <IsReportTitle>false</IsReportTitle>
      <IsSegmentTitle>false</IsSegmentTitle>
      <IsSubReportEnd>false</IsSubReportEnd>
      <IsCalendarTitle>false</IsCalendarTitle>
      <IsTuple>false</IsTuple>
      <IsAbstractGroupTitle>false</IsAbstractGroupTitle>
      <IsBeginningBalance>false</IsBeginningBalance>
      <IsEndingBalance>false</IsEndingBalance>
      <IsEPS>false</IsEPS>
      <Cells>
        <Cell>
          <Id>1</Id>
          <ShowCurrencySymbol>false</ShowCurrencySymbol>
          <IsNumeric>true</IsNumeric>
          <NumericAmount>2331000000</NumericAmount>
          <RoundedNumericAmount>2331</RoundedNumericAmount>
          <NonNumbericText />
          <NonNumericTextHeader />
          <FootnoteIndexer />
          <hasSegments>false</hasSegments>
          <hasScenarios>false</hasScenarios>
        </Cell>
        <Cell>
          <Id>2</Id>
          <ShowCurrencySymbol>false</ShowCurrencySymbol>
          <IsNumeric>true</IsNumeric>
          <NumericAmount>2582000000</NumericAmount>
          <RoundedNumericAmount>2582</RoundedNumericAmount>
          <NonNumbericText />
          <NonNumericTextHeader />
          <FootnoteIndexer />
          <hasSegments>false</hasSegments>
          <hasScenarios>false</hasScenarios>
        </Cell>
        <Cell>
          <Id>3</Id>
          <ShowCurrencySymbol>false</ShowCurrencySymbol>
          <IsNumeric>true</IsNumeric>
          <NumericAmount>2526000000</NumericAmount>
          <RoundedNumericAmount>2526</RoundedNumericAmount>
          <NonNumbericText />
          <NonNumericTextHeader />
          <FootnoteIndexer />
          <hasSegments>false</hasSegments>
          <hasScenarios>false</hasScenarios>
        </Cell>
      </Cells>
      <ElementDefenition>No definition available.</ElementDefenition>
      <ElementReferences>No authoritative reference available.</ElementReferences>
      <IsTotalLabel>false</IsTotalLabel>
    </Row>
    <Row>
      <Id>10</Id>
      <Label>Total revenue</Label>
      <Level>5</Level>
      <ElementName>us-gaap_Revenues</ElementName>
      <ElementPrefix>us-gaap</ElementPrefix>
      <IsBaseElement>true</IsBaseElement>
      <BalanceType>credit</BalanceType>
      <PeriodType>duration</PeriodType>
      <ElementDataType>monetary</ElementDataType>
      <ShortDefinition>No definition available.</ShortDefinition>
      <IsReportTitle>false</IsReportTitle>
      <IsSegmentTitle>false</IsSegmentTitle>
      <IsSubReportEnd>false</IsSubReportEnd>
      <IsCalendarTitle>false</IsCalendarTitle>
      <IsTuple>false</IsTuple>
      <IsAbstractGroupTitle>false</IsAbstractGroupTitle>
      <IsBeginningBalance>false</IsBeginningBalance>
      <IsEndingBalance>false</IsEndingBalance>
      <IsEPS>false</IsEPS>
      <Cells>
        <Cell>
          <Id>1</Id>
          <ShowCurrencySymbol>false</ShowCurrencySymbol>
          <IsNumeric>true</IsNumeric>
          <NumericAmount>95758000000</NumericAmount>
          <RoundedNumericAmount>95758</RoundedNumericAmount>
          <NonNumbericText />
          <NonNumericTextHeader />
          <FootnoteIndexer>[1]</FootnoteIndexer>
          <hasSegments>false</hasSegments>
          <hasScenarios>false</hasScenarios>
        </Cell>
        <Cell>
          <Id>2</Id>
          <ShowCurrencySymbol>false</ShowCurrencySymbol>
          <IsNumeric>true</IsNumeric>
          <NumericAmount>103630000000</NumericAmount>
          <RoundedNumericAmount>103630</RoundedNumericAmount>
          <NonNumbericText />
          <NonNumericTextHeader />
          <FootnoteIndexer />
          <hasSegments>false</hasSegments>
          <hasScenarios>false</hasScenarios>
        </Cell>
        <Cell>
          <Id>3</Id>
          <ShowCurrencySymbol>false</ShowCurrencySymbol>
          <IsNumeric>true</IsNumeric>
          <NumericAmount>98786000000</NumericAmount>
          <RoundedNumericAmount>98786</RoundedNumericAmount>
          <NonNumbericText />
          <NonNumericTextHeader />
          <FootnoteIndexer>[1]</FootnoteIndexer>
          <hasSegments>false</hasSegments>
          <hasScenarios>false</hasScenarios>
        </Cell>
      </Cells>
      <ElementDefenition>No definition available.</ElementDefenition>
      <ElementReferences>No authoritative reference available.</ElementReferences>
      <IsTotalLabel>true</IsTotalLabel>
    </Row>
    <Row>
      <Id>11</Id>
      <Label>Cost:</Label>
      <Level>4</Level>
      <ElementName>us-gaap_CostOfRevenueAbstract</ElementName>
      <ElementPrefix>us-gaap</ElementPrefix>
      <IsBaseElement>true</IsBaseElement>
      <BalanceType>na</BalanceType>
      <PeriodType>duration</PeriodType>
      <ElementDataType>string</ElementDataType>
      <ShortDefinition>No definition available.</ShortDefinition>
      <IsReportTitle>false</IsReportTitle>
      <IsSegmentTitle>false</IsSegmentTitle>
      <IsSubReportEnd>false</IsSubReportEnd>
      <IsCalendarTitle>false</IsCalendarTitle>
      <IsTuple>false</IsTuple>
      <IsAbstractGroupTitle>true</IsAbstractGroupTitle>
      <IsBeginningBalance>false</IsBeginningBalance>
      <IsEndingBalance>false</IsEndingBalance>
      <IsEPS>false</IsEPS>
      <Cells>
        <Cell>
          <Id>1</Id>
          <ShowCurrencySymbol>false</ShowCurrencySymbol>
          <IsNumeric>false</IsNumeric>
          <NumericAmount>0</NumericAmount>
          <RoundedNumericAmount>0</RoundedNumericAmount>
          <NonNumbericText />
          <NonNumericTextHeader />
          <FootnoteIndexer />
          <hasSegments>false</hasSegments>
          <hasScenarios>false</hasScenarios>
        </Cell>
        <Cell>
          <Id>2</Id>
          <ShowCurrencySymbol>false</ShowCurrencySymbol>
          <IsNumeric>false</IsNumeric>
          <NumericAmount>0</NumericAmount>
          <RoundedNumericAmount>0</RoundedNumericAmount>
          <NonNumbericText />
          <NonNumericTextHeader />
          <FootnoteIndexer />
          <hasSegments>false</hasSegments>
          <hasScenarios>false</hasScenarios>
        </Cell>
        <Cell>
          <Id>3</Id>
          <ShowCurrencySymbol>false</ShowCurrencySymbol>
          <IsNumeric>false</IsNumeric>
          <NumericAmount>0</NumericAmount>
          <RoundedNumericAmount>0</RoundedNumericAmount>
          <NonNumbericText />
          <NonNumericTextHeader />
          <FootnoteIndexer />
          <hasSegments>false</hasSegments>
          <hasScenarios>false</hasScenarios>
        </Cell>
      </Cells>
      <ElementDefenition>No definition available.</ElementDefenition>
      <IsTotalLabel>false</IsTotalLabel>
    </Row>
    <Row>
      <Id>12</Id>
      <Label>Services</Label>
      <Level>5</Level>
      <ElementName>us-gaap_CostOfServices</ElementName>
      <ElementPrefix>us-gaap</ElementPrefix>
      <IsBaseElement>true</IsBaseElement>
      <BalanceType>debit</BalanceType>
      <PeriodType>duration</PeriodType>
      <ElementDataType>monetary</ElementDataType>
      <ShortDefinition>No definition available.</ShortDefinition>
      <IsReportTitle>false</IsReportTitle>
      <IsSegmentTitle>false</IsSegmentTitle>
      <IsSubReportEnd>false</IsSubReportEnd>
      <IsCalendarTitle>false</IsCalendarTitle>
      <IsTuple>false</IsTuple>
      <IsAbstractGroupTitle>false</IsAbstractGroupTitle>
      <IsBeginningBalance>false</IsBeginningBalance>
      <IsEndingBalance>false</IsEndingBalance>
      <IsEPS>false</IsEPS>
      <Cells>
        <Cell>
          <Id>1</Id>
          <ShowCurrencySymbol>false</ShowCurrencySymbol>
          <IsNumeric>true</IsNumeric>
          <NumericAmount>37146000000</NumericAmount>
          <RoundedNumericAmount>37146</RoundedNumericAmount>
          <NonNumbericText />
          <NonNumericTextHeader />
          <FootnoteIndexer />
          <hasSegments>false</hasSegments>
          <hasScenarios>false</hasScenarios>
        </Cell>
        <Cell>
          <Id>2</Id>
          <ShowCurrencySymbol>false</ShowCurrencySymbol>
          <IsNumeric>true</IsNumeric>
          <NumericAmount>40937000000</NumericAmount>
          <RoundedNumericAmount>40937</RoundedNumericAmount>
          <NonNumbericText />
          <NonNumericTextHeader />
          <FootnoteIndexer />
          <hasSegments>false</hasSegments>
          <hasScenarios>false</hasScenarios>
        </Cell>
        <Cell>
          <Id>3</Id>
          <ShowCurrencySymbol>false</ShowCurrencySymbol>
          <IsNumeric>true</IsNumeric>
          <NumericAmount>39160000000</NumericAmount>
          <RoundedNumericAmount>39160</RoundedNumericAmount>
          <NonNumbericText />
          <NonNumericTextHeader />
          <FootnoteIndexer />
          <hasSegments>false</hasSegments>
          <hasScenarios>false</hasScenarios>
        </Cell>
      </Cells>
      <ElementDefenition>No definition available.</ElementDefenition>
      <ElementReferences>No authoritative reference available.</ElementReferences>
      <IsTotalLabel>false</IsTotalLabel>
    </Row>
    <Row>
      <Id>13</Id>
      <Label>Sales</Label>
      <Level>5</Level>
      <ElementName>us-gaap_CostOfGoodsSold</ElementName>
      <ElementPrefix>us-gaap</ElementPrefix>
      <IsBaseElement>true</IsBaseElement>
      <BalanceType>debit</BalanceType>
      <PeriodType>duration</PeriodType>
      <ElementDataType>monetary</ElementDataType>
      <ShortDefinition>No definition available.</ShortDefinition>
      <IsReportTitle>false</IsReportTitle>
      <IsSegmentTitle>false</IsSegmentTitle>
      <IsSubReportEnd>false</IsSubReportEnd>
      <IsCalendarTitle>false</IsCalendarTitle>
      <IsTuple>false</IsTuple>
      <IsAbstractGroupTitle>false</IsAbstractGroupTitle>
      <IsBeginningBalance>false</IsBeginningBalance>
      <IsEndingBalance>false</IsEndingBalance>
      <IsEPS>false</IsEPS>
      <Cells>
        <Cell>
          <Id>1</Id>
          <ShowCurrencySymbol>false</ShowCurrencySymbol>
          <IsNumeric>true</IsNumeric>
          <NumericAmount>13606000000</NumericAmount>
          <RoundedNumericAmount>13606</RoundedNumericAmount>
          <NonNumbericText />
          <NonNumericTextHeader />
          <FootnoteIndexer />
          <hasSegments>false</hasSegments>
          <hasScenarios>false</hasScenarios>
        </Cell>
        <Cell>
          <Id>2</Id>
          <ShowCurrencySymbol>false</ShowCurrencySymbol>
          <IsNumeric>true</IsNumeric>
          <NumericAmount>15776000000</NumericAmount>
          <RoundedNumericAmount>15776</RoundedNumericAmount>
          <NonNumbericText />
          <NonNumericTextHeader />
          <FootnoteIndexer />
          <hasSegments>false</hasSegments>
          <hasScenarios>false</hasScenarios>
        </Cell>
        <Cell>
          <Id>3</Id>
          <ShowCurrencySymbol>false</ShowCurrencySymbol>
          <IsNumeric>true</IsNumeric>
          <NumericAmount>16552000000</NumericAmount>
          <RoundedNumericAmount>16552</RoundedNumericAmount>
          <NonNumbericText />
          <NonNumericTextHeader />
          <FootnoteIndexer />
          <hasSegments>false</hasSegments>
          <hasScenarios>false</hasScenarios>
        </Cell>
      </Cells>
      <ElementDefenition>No definition available.</ElementDefenition>
      <ElementReferences>No authoritative reference available.</ElementReferences>
      <IsTotalLabel>false</IsTotalLabel>
    </Row>
    <Row>
      <Id>14</Id>
      <Label>Financing</Label>
      <Level>5</Level>
      <ElementName>us-gaap_FinancialServicesCosts</ElementName>
      <ElementPrefix>us-gaap</ElementPrefix>
      <IsBaseElement>true</IsBaseElement>
      <BalanceType>debit</BalanceType>
      <PeriodType>duration</PeriodType>
      <ElementDataType>monetary</ElementDataType>
      <ShortDefinition>No definition available.</ShortDefinition>
      <IsReportTitle>false</IsReportTitle>
      <IsSegmentTitle>false</IsSegmentTitle>
      <IsSubReportEnd>false</IsSubReportEnd>
      <IsCalendarTitle>false</IsCalendarTitle>
      <IsTuple>false</IsTuple>
      <IsAbstractGroupTitle>false</IsAbstractGroupTitle>
      <IsBeginningBalance>false</IsBeginningBalance>
      <IsEndingBalance>false</IsEndingBalance>
      <IsEPS>false</IsEPS>
      <Cells>
        <Cell>
          <Id>1</Id>
          <ShowCurrencySymbol>false</ShowCurrencySymbol>
          <IsNumeric>true</IsNumeric>
          <NumericAmount>1220000000</NumericAmount>
          <RoundedNumericAmount>1220</RoundedNumericAmount>
          <NonNumbericText />
          <NonNumericTextHeader />
          <FootnoteIndexer />
          <hasSegments>false</hasSegments>
          <hasScenarios>false</hasScenarios>
        </Cell>
        <Cell>
          <Id>2</Id>
          <ShowCurrencySymbol>false</ShowCurrencySymbol>
          <IsNumeric>true</IsNumeric>
          <NumericAmount>1256000000</NumericAmount>
          <RoundedNumericAmount>1256</RoundedNumericAmount>
          <NonNumbericText />
          <NonNumericTextHeader />
          <FootnoteIndexer />
          <hasSegments>false</hasSegments>
          <hasScenarios>false</hasScenarios>
        </Cell>
        <Cell>
          <Id>3</Id>
          <ShowCurrencySymbol>false</ShowCurrencySymbol>
          <IsNumeric>true</IsNumeric>
          <NumericAmount>1345000000</NumericAmount>
          <RoundedNumericAmount>1345</RoundedNumericAmount>
          <NonNumbericText />
          <NonNumericTextHeader />
          <FootnoteIndexer />
          <hasSegments>false</hasSegments>
          <hasScenarios>false</hasScenarios>
        </Cell>
      </Cells>
      <ElementDefenition>No definition available.</ElementDefenition>
      <ElementReferences>No authoritative reference available.</ElementReferences>
      <IsTotalLabel>false</IsTotalLabel>
    </Row>
    <Row>
      <Id>15</Id>
      <Label>Total cost</Label>
      <Level>5</Level>
      <ElementName>us-gaap_CostOfRevenue</ElementName>
      <ElementPrefix>us-gaap</ElementPrefix>
      <IsBaseElement>true</IsBaseElement>
      <BalanceType>debit</BalanceType>
      <PeriodType>duration</PeriodType>
      <ElementDataType>monetary</ElementDataType>
      <ShortDefinition>No definition available.</ShortDefinition>
      <IsReportTitle>false</IsReportTitle>
      <IsSegmentTitle>false</IsSegmentTitle>
      <IsSubReportEnd>false</IsSubReportEnd>
      <IsCalendarTitle>false</IsCalendarTitle>
      <IsTuple>false</IsTuple>
      <IsAbstractGroupTitle>false</IsAbstractGroupTitle>
      <IsBeginningBalance>false</IsBeginningBalance>
      <IsEndingBalance>false</IsEndingBalance>
      <IsEPS>false</IsEPS>
      <Cells>
        <Cell>
          <Id>1</Id>
          <ShowCurrencySymbol>false</ShowCurrencySymbol>
          <IsNumeric>true</IsNumeric>
          <NumericAmount>51973000000</NumericAmount>
          <RoundedNumericAmount>51973</RoundedNumericAmount>
          <NonNumbericText />
          <NonNumericTextHeader />
          <FootnoteIndexer>[1]</FootnoteIndexer>
          <hasSegments>false</hasSegments>
          <hasScenarios>false</hasScenarios>
        </Cell>
        <Cell>
          <Id>2</Id>
          <ShowCurrencySymbol>false</ShowCurrencySymbol>
          <IsNumeric>true</IsNumeric>
          <NumericAmount>57969000000</NumericAmount>
          <RoundedNumericAmount>57969</RoundedNumericAmount>
          <NonNumbericText />
          <NonNumericTextHeader />
          <FootnoteIndexer />
          <hasSegments>false</hasSegments>
          <hasScenarios>false</hasScenarios>
        </Cell>
        <Cell>
          <Id>3</Id>
          <ShowCurrencySymbol>false</ShowCurrencySymbol>
          <IsNumeric>true</IsNumeric>
          <NumericAmount>57057000000</NumericAmount>
          <RoundedNumericAmount>57057</RoundedNumericAmount>
          <NonNumbericText />
          <NonNumericTextHeader />
          <FootnoteIndexer />
          <hasSegments>false</hasSegments>
          <hasScenarios>false</hasScenarios>
        </Cell>
      </Cells>
      <ElementDefenition>No definition available.</ElementDefenition>
      <ElementReferences>No authoritative reference available.</ElementReferences>
      <IsTotalLabel>true</IsTotalLabel>
    </Row>
    <Row>
      <Id>16</Id>
      <Label>Gross profit</Label>
      <Level>4</Level>
      <ElementName>us-gaap_GrossProfit</ElementName>
      <ElementPrefix>us-gaap</ElementPrefix>
      <IsBaseElement>true</IsBaseElement>
      <BalanceType>credit</BalanceType>
      <PeriodType>duration</PeriodType>
      <ElementDataType>monetary</ElementDataType>
      <ShortDefinition>No definition available.</ShortDefinition>
      <IsReportTitle>false</IsReportTitle>
      <IsSegmentTitle>false</IsSegmentTitle>
      <IsSubReportEnd>false</IsSubReportEnd>
      <IsCalendarTitle>false</IsCalendarTitle>
      <IsTuple>false</IsTuple>
      <IsAbstractGroupTitle>false</IsAbstractGroupTitle>
      <IsBeginningBalance>false</IsBeginningBalance>
      <IsEndingBalance>false</IsEndingBalance>
      <IsEPS>false</IsEPS>
      <Cells>
        <Cell>
          <Id>1</Id>
          <ShowCurrencySymbol>false</ShowCurrencySymbol>
          <IsNumeric>true</IsNumeric>
          <NumericAmount>43785000000</NumericAmount>
          <RoundedNumericAmount>43785</RoundedNumericAmount>
          <NonNumbericText />
          <NonNumericTextHeader />
          <FootnoteIndexer />
          <hasSegments>false</hasSegments>
          <hasScenarios>false</hasScenarios>
        </Cell>
        <Cell>
          <Id>2</Id>
          <ShowCurrencySymbol>false</ShowCurrencySymbol>
          <IsNumeric>true</IsNumeric>
          <NumericAmount>45661000000</NumericAmount>
          <RoundedNumericAmount>45661</RoundedNumericAmount>
          <NonNumbericText />
          <NonNumericTextHeader />
          <FootnoteIndexer />
          <hasSegments>false</hasSegments>
          <hasScenarios>false</hasScenarios>
        </Cell>
        <Cell>
          <Id>3</Id>
          <ShowCurrencySymbol>false</ShowCurrencySymbol>
          <IsNumeric>true</IsNumeric>
          <NumericAmount>41729000000</NumericAmount>
          <RoundedNumericAmount>41729</RoundedNumericAmount>
          <NonNumbericText />
          <NonNumericTextHeader />
          <FootnoteIndexer />
          <hasSegments>false</hasSegments>
          <hasScenarios>false</hasScenarios>
        </Cell>
      </Cells>
      <ElementDefenition>No definition available.</ElementDefenition>
      <ElementReferences>No authoritative reference available.</ElementReferences>
      <IsTotalLabel>true</IsTotalLabel>
    </Row>
    <Row>
      <Id>17</Id>
      <Label>Expense and other income:</Label>
      <Level>3</Level>
      <ElementName>ibm_ExpenseAndOtherIncomeAbstract</ElementName>
      <ElementPrefix>ibm</ElementPrefix>
      <IsBaseElement>false</IsBaseElement>
      <BalanceType>na</BalanceType>
      <PeriodType>duration</PeriodType>
      <ElementDataType>string</ElementDataType>
      <ShortDefinition>No definition available.</ShortDefinition>
      <IsReportTitle>false</IsReportTitle>
      <IsSegmentTitle>false</IsSegmentTitle>
      <IsSubReportEnd>false</IsSubReportEnd>
      <IsCalendarTitle>false</IsCalendarTitle>
      <IsTuple>false</IsTuple>
      <IsAbstractGroupTitle>true</IsAbstractGroupTitle>
      <IsBeginningBalance>false</IsBeginningBalance>
      <IsEndingBalance>false</IsEndingBalance>
      <IsEPS>false</IsEPS>
      <Cells>
        <Cell>
          <Id>1</Id>
          <ShowCurrencySymbol>false</ShowCurrencySymbol>
          <IsNumeric>false</IsNumeric>
          <NumericAmount>0</NumericAmount>
          <RoundedNumericAmount>0</RoundedNumericAmount>
          <NonNumbericText />
          <NonNumericTextHeader />
          <FootnoteIndexer />
          <hasSegments>false</hasSegments>
          <hasScenarios>false</hasScenarios>
        </Cell>
        <Cell>
          <Id>2</Id>
          <ShowCurrencySymbol>false</ShowCurrencySymbol>
          <IsNumeric>false</IsNumeric>
          <NumericAmount>0</NumericAmount>
          <RoundedNumericAmount>0</RoundedNumericAmount>
          <NonNumbericText />
          <NonNumericTextHeader />
          <FootnoteIndexer />
          <hasSegments>false</hasSegments>
          <hasScenarios>false</hasScenarios>
        </Cell>
        <Cell>
          <Id>3</Id>
          <ShowCurrencySymbol>false</ShowCurrencySymbol>
          <IsNumeric>false</IsNumeric>
          <NumericAmount>0</NumericAmount>
          <RoundedNumericAmount>0</RoundedNumericAmount>
          <NonNumbericText />
          <NonNumericTextHeader />
          <FootnoteIndexer />
          <hasSegments>false</hasSegments>
          <hasScenarios>false</hasScenarios>
        </Cell>
      </Cells>
      <ElementDefenition>No definition available.</ElementDefenition>
      <IsTotalLabel>false</IsTotalLabel>
    </Row>
    <Row>
      <Id>18</Id>
      <Label>Selling, general and administrative</Label>
      <Level>4</Level>
      <ElementName>us-gaap_SellingGeneralAndAdministrativeExpense</ElementName>
      <ElementPrefix>us-gaap</ElementPrefix>
      <IsBaseElement>true</IsBaseElement>
      <BalanceType>debit</BalanceType>
      <PeriodType>duration</PeriodType>
      <ElementDataType>monetary</ElementDataType>
      <ShortDefinition>No definition available.</ShortDefinition>
      <IsReportTitle>false</IsReportTitle>
      <IsSegmentTitle>false</IsSegmentTitle>
      <IsSubReportEnd>false</IsSubReportEnd>
      <IsCalendarTitle>false</IsCalendarTitle>
      <IsTuple>false</IsTuple>
      <IsAbstractGroupTitle>false</IsAbstractGroupTitle>
      <IsBeginningBalance>false</IsBeginningBalance>
      <IsEndingBalance>false</IsEndingBalance>
      <IsEPS>false</IsEPS>
      <Cells>
        <Cell>
          <Id>1</Id>
          <ShowCurrencySymbol>false</ShowCurrencySymbol>
          <IsNumeric>true</IsNumeric>
          <NumericAmount>20952000000</NumericAmount>
          <RoundedNumericAmount>20952</RoundedNumericAmount>
          <NonNumbericText />
          <NonNumericTextHeader />
          <FootnoteIndexer />
          <hasSegments>false</hasSegments>
          <hasScenarios>false</hasScenarios>
        </Cell>
        <Cell>
          <Id>2</Id>
          <ShowCurrencySymbol>false</ShowCurrencySymbol>
          <IsNumeric>true</IsNumeric>
          <NumericAmount>23386000000</NumericAmount>
          <RoundedNumericAmount>23386</RoundedNumericAmount>
          <NonNumbericText />
          <NonNumericTextHeader />
          <FootnoteIndexer />
          <hasSegments>false</hasSegments>
          <hasScenarios>false</hasScenarios>
        </Cell>
        <Cell>
          <Id>3</Id>
          <ShowCurrencySymbol>false</ShowCurrencySymbol>
          <IsNumeric>true</IsNumeric>
          <NumericAmount>22060000000</NumericAmount>
          <RoundedNumericAmount>22060</RoundedNumericAmount>
          <NonNumbericText />
          <NonNumericTextHeader />
          <FootnoteIndexer />
          <hasSegments>false</hasSegments>
          <hasScenarios>false</hasScenarios>
        </Cell>
      </Cells>
      <ElementDefenition>No definition available.</ElementDefenition>
      <ElementReferences>No authoritative reference available.</ElementReferences>
      <IsTotalLabel>false</IsTotalLabel>
    </Row>
    <Row>
      <Id>19</Id>
      <Label>Research, development and engineering (Note Q)</Label>
      <Level>4</Level>
      <ElementName>us-gaap_ResearchAndDevelopmentExpense</ElementName>
      <ElementPrefix>us-gaap</ElementPrefix>
      <IsBaseElement>true</IsBaseElement>
      <BalanceType>debit</BalanceType>
      <PeriodType>duration</PeriodType>
      <ElementDataType>monetary</ElementDataType>
      <ShortDefinition>No definition available.</ShortDefinition>
      <IsReportTitle>false</IsReportTitle>
      <IsSegmentTitle>false</IsSegmentTitle>
      <IsSubReportEnd>false</IsSubReportEnd>
      <IsCalendarTitle>false</IsCalendarTitle>
      <IsTuple>false</IsTuple>
      <IsAbstractGroupTitle>false</IsAbstractGroupTitle>
      <IsBeginningBalance>false</IsBeginningBalance>
      <IsEndingBalance>false</IsEndingBalance>
      <IsEPS>false</IsEPS>
      <Cells>
        <Cell>
          <Id>1</Id>
          <ShowCurrencySymbol>false</ShowCurrencySymbol>
          <IsNumeric>true</IsNumeric>
          <NumericAmount>5820000000</NumericAmount>
          <RoundedNumericAmount>5820</RoundedNumericAmount>
          <NonNumbericText />
          <NonNumericTextHeader />
          <FootnoteIndexer />
          <hasSegments>false</hasSegments>
          <hasScenarios>false</hasScenarios>
        </Cell>
        <Cell>
          <Id>2</Id>
          <ShowCurrencySymbol>false</ShowCurrencySymbol>
          <IsNumeric>true</IsNumeric>
          <NumericAmount>6337000000</NumericAmount>
          <RoundedNumericAmount>6337</RoundedNumericAmount>
          <NonNumbericText />
          <NonNumericTextHeader />
          <FootnoteIndexer />
          <hasSegments>false</hasSegments>
          <hasScenarios>false</hasScenarios>
        </Cell>
        <Cell>
          <Id>3</Id>
          <ShowCurrencySymbol>false</ShowCurrencySymbol>
          <IsNumeric>true</IsNumeric>
          <NumericAmount>6153000000</NumericAmount>
          <RoundedNumericAmount>6153</RoundedNumericAmount>
          <NonNumbericText />
          <NonNumericTextHeader />
          <FootnoteIndexer />
          <hasSegments>false</hasSegments>
          <hasScenarios>false</hasScenarios>
        </Cell>
      </Cells>
      <ElementDefenition>No definition available.</ElementDefenition>
      <ElementReferences>No authoritative reference available.</ElementReferences>
      <IsTotalLabel>false</IsTotalLabel>
    </Row>
    <Row>
      <Id>20</Id>
      <Label>Intellectual property and custom development income</Label>
      <Level>4</Level>
      <ElementName>ibm_IntellectualPropertyAndCustomDevelopmentIncome</ElementName>
      <ElementPrefix>ibm</ElementPrefix>
      <IsBaseElement>false</IsBaseElement>
      <BalanceType>debit</BalanceType>
      <PeriodType>duration</PeriodType>
      <ElementDataType>monetary</ElementDataType>
      <ShortDefinition>The aggregate amount of income from licensing and sales of the rights to certain intellectual property including internally...</ShortDefinition>
      <IsReportTitle>false</IsReportTitle>
      <IsSegmentTitle>false</IsSegmentTitle>
      <IsSubReportEnd>false</IsSubReportEnd>
      <IsCalendarTitle>false</IsCalendarTitle>
      <IsTuple>false</IsTuple>
      <IsAbstractGroupTitle>false</IsAbstractGroupTitle>
      <IsBeginningBalance>false</IsBeginningBalance>
      <IsEndingBalance>false</IsEndingBalance>
      <IsEPS>false</IsEPS>
      <Cells>
        <Cell>
          <Id>1</Id>
          <ShowCurrencySymbol>false</ShowCurrencySymbol>
          <IsNumeric>true</IsNumeric>
          <NumericAmount>-1177000000</NumericAmount>
          <RoundedNumericAmount>-1177</RoundedNumericAmount>
          <NonNumbericText />
          <NonNumericTextHeader />
          <FootnoteIndexer />
          <hasSegments>false</hasSegments>
          <hasScenarios>false</hasScenarios>
        </Cell>
        <Cell>
          <Id>2</Id>
          <ShowCurrencySymbol>false</ShowCurrencySymbol>
          <IsNumeric>true</IsNumeric>
          <NumericAmount>-1153000000</NumericAmount>
          <RoundedNumericAmount>-1153</RoundedNumericAmount>
          <NonNumbericText />
          <NonNumericTextHeader />
          <FootnoteIndexer />
          <hasSegments>false</hasSegments>
          <hasScenarios>false</hasScenarios>
        </Cell>
        <Cell>
          <Id>3</Id>
          <ShowCurrencySymbol>false</ShowCurrencySymbol>
          <IsNumeric>true</IsNumeric>
          <NumericAmount>-958000000</NumericAmount>
          <RoundedNumericAmount>-958</RoundedNumericAmount>
          <NonNumbericText />
          <NonNumericTextHeader />
          <FootnoteIndexer />
          <hasSegments>false</hasSegments>
          <hasScenarios>false</hasScenarios>
        </Cell>
      </Cells>
      <ElementDefenition>The aggregate amount of income from licensing and sales of the rights to certain intellectual property including internally developed patents, trade secrets and technological know-how.</ElementDefenition>
      <ElementReferences>No authoritative reference available.</ElementReferences>
      <IsTotalLabel>false</IsTotalLabel>
    </Row>
    <Row>
      <Id>21</Id>
      <Label>Other (income) and expense</Label>
      <Level>4</Level>
      <ElementName>ibm_OtherIncomeAndExpense</ElementName>
      <ElementPrefix>ibm</ElementPrefix>
      <IsBaseElement>false</IsBaseElement>
      <BalanceType>debit</BalanceType>
      <PeriodType>duration</PeriodType>
      <ElementDataType>monetary</ElementDataType>
      <ShortDefinition>The aggregate amount of (income) expense , not previously categorized, including interest income, gains and losses on certain...</ShortDefinition>
      <IsReportTitle>false</IsReportTitle>
      <IsSegmentTitle>false</IsSegmentTitle>
      <IsSubReportEnd>false</IsSubReportEnd>
      <IsCalendarTitle>false</IsCalendarTitle>
      <IsTuple>false</IsTuple>
      <IsAbstractGroupTitle>false</IsAbstractGroupTitle>
      <IsBeginningBalance>false</IsBeginningBalance>
      <IsEndingBalance>false</IsEndingBalance>
      <IsEPS>false</IsEPS>
      <Cells>
        <Cell>
          <Id>1</Id>
          <ShowCurrencySymbol>false</ShowCurrencySymbol>
          <IsNumeric>true</IsNumeric>
          <NumericAmount>-351000000</NumericAmount>
          <RoundedNumericAmount>-351</RoundedNumericAmount>
          <NonNumbericText />
          <NonNumericTextHeader />
          <FootnoteIndexer />
          <hasSegments>false</hasSegments>
          <hasScenarios>false</hasScenarios>
        </Cell>
        <Cell>
          <Id>2</Id>
          <ShowCurrencySymbol>false</ShowCurrencySymbol>
          <IsNumeric>true</IsNumeric>
          <NumericAmount>-298000000</NumericAmount>
          <RoundedNumericAmount>-298</RoundedNumericAmount>
          <NonNumbericText />
          <NonNumericTextHeader />
          <FootnoteIndexer />
          <hasSegments>false</hasSegments>
          <hasScenarios>false</hasScenarios>
        </Cell>
        <Cell>
          <Id>3</Id>
          <ShowCurrencySymbol>false</ShowCurrencySymbol>
          <IsNumeric>true</IsNumeric>
          <NumericAmount>-626000000</NumericAmount>
          <RoundedNumericAmount>-626</RoundedNumericAmount>
          <NonNumbericText />
          <NonNumericTextHeader />
          <FootnoteIndexer />
          <hasSegments>false</hasSegments>
          <hasScenarios>false</hasScenarios>
        </Cell>
      </Cells>
      <ElementDefenition>The aggregate amount of (income) expense , not previously categorized, including interest income, gains and losses on certain derivative instruments, gains and losses from securities and other investments, gains and losses from certain real estate transactions, foreign currency transaction gains and losses, gains and losses from the sale of businesses and amounts related to accretion of asset retirement obligations.</ElementDefenition>
      <ElementReferences>No authoritative reference available.</ElementReferences>
      <IsTotalLabel>false</IsTotalLabel>
    </Row>
    <Row>
      <Id>22</Id>
      <Label>Interest expense (Notes K &amp; L)</Label>
      <Level>4</Level>
      <ElementName>us-gaap_InterestExpense</ElementName>
      <ElementPrefix>us-gaap</ElementPrefix>
      <IsBaseElement>true</IsBaseElement>
      <BalanceType>debit</BalanceType>
      <PeriodType>duration</PeriodType>
      <ElementDataType>monetary</ElementDataType>
      <ShortDefinition>No definition available.</ShortDefinition>
      <IsReportTitle>false</IsReportTitle>
      <IsSegmentTitle>false</IsSegmentTitle>
      <IsSubReportEnd>false</IsSubReportEnd>
      <IsCalendarTitle>false</IsCalendarTitle>
      <IsTuple>false</IsTuple>
      <IsAbstractGroupTitle>false</IsAbstractGroupTitle>
      <IsBeginningBalance>false</IsBeginningBalance>
      <IsEndingBalance>false</IsEndingBalance>
      <IsEPS>false</IsEPS>
      <Cells>
        <Cell>
          <Id>1</Id>
          <ShowCurrencySymbol>false</ShowCurrencySymbol>
          <IsNumeric>true</IsNumeric>
          <NumericAmount>402000000</NumericAmount>
          <RoundedNumericAmount>402</RoundedNumericAmount>
          <NonNumbericText />
          <NonNumericTextHeader />
          <FootnoteIndexer />
          <hasSegments>false</hasSegments>
          <hasScenarios>false</hasScenarios>
        </Cell>
        <Cell>
          <Id>2</Id>
          <ShowCurrencySymbol>false</ShowCurrencySymbol>
          <IsNumeric>true</IsNumeric>
          <NumericAmount>673000000</NumericAmount>
          <RoundedNumericAmount>673</RoundedNumericAmount>
          <NonNumbericText />
          <NonNumericTextHeader />
          <FootnoteIndexer />
          <hasSegments>false</hasSegments>
          <hasScenarios>false</hasScenarios>
        </Cell>
        <Cell>
          <Id>3</Id>
          <ShowCurrencySymbol>false</ShowCurrencySymbol>
          <IsNumeric>true</IsNumeric>
          <NumericAmount>611000000</NumericAmount>
          <RoundedNumericAmount>611</RoundedNumericAmount>
          <NonNumbericText />
          <NonNumericTextHeader />
          <FootnoteIndexer />
          <hasSegments>false</hasSegments>
          <hasScenarios>false</hasScenarios>
        </Cell>
      </Cells>
      <ElementDefenition>No definition available.</ElementDefenition>
      <ElementReferences>No authoritative reference available.</ElementReferences>
      <IsTotalLabel>false</IsTotalLabel>
    </Row>
    <Row>
      <Id>23</Id>
      <Label>Total expense and other income</Label>
      <Level>4</Level>
      <ElementName>ibm_ExpenseAndOtherIncome</ElementName>
      <ElementPrefix>ibm</ElementPrefix>
      <IsBaseElement>false</IsBaseElement>
      <BalanceType>debit</BalanceType>
      <PeriodType>duration</PeriodType>
      <ElementDataType>monetary</ElementDataType>
      <ShortDefinition>The aggregate amount of both recurring costs and income associated with normal operations (except for the portion of these...</ShortDefinition>
      <IsReportTitle>false</IsReportTitle>
      <IsSegmentTitle>false</IsSegmentTitle>
      <IsSubReportEnd>false</IsSubReportEnd>
      <IsCalendarTitle>false</IsCalendarTitle>
      <IsTuple>false</IsTuple>
      <IsAbstractGroupTitle>false</IsAbstractGroupTitle>
      <IsBeginningBalance>false</IsBeginningBalance>
      <IsEndingBalance>false</IsEndingBalance>
      <IsEPS>false</IsEPS>
      <Cells>
        <Cell>
          <Id>1</Id>
          <ShowCurrencySymbol>false</ShowCurrencySymbol>
          <IsNumeric>true</IsNumeric>
          <NumericAmount>25647000000</NumericAmount>
          <RoundedNumericAmount>25647</RoundedNumericAmount>
          <NonNumbericText />
          <NonNumericTextHeader />
          <FootnoteIndexer>[1]</FootnoteIndexer>
          <hasSegments>false</hasSegments>
          <hasScenarios>false</hasScenarios>
        </Cell>
        <Cell>
          <Id>2</Id>
          <ShowCurrencySymbol>false</ShowCurrencySymbol>
          <IsNumeric>true</IsNumeric>
          <NumericAmount>28945000000</NumericAmount>
          <RoundedNumericAmount>28945</RoundedNumericAmount>
          <NonNumbericText />
          <NonNumericTextHeader />
          <FootnoteIndexer />
          <hasSegments>false</hasSegments>
          <hasScenarios>false</hasScenarios>
        </Cell>
        <Cell>
          <Id>3</Id>
          <ShowCurrencySymbol>false</ShowCurrencySymbol>
          <IsNumeric>true</IsNumeric>
          <NumericAmount>27240000000</NumericAmount>
          <RoundedNumericAmount>27240</RoundedNumericAmount>
          <NonNumbericText />
          <NonNumericTextHeader />
          <FootnoteIndexer />
          <hasSegments>false</hasSegments>
          <hasScenarios>false</hasScenarios>
        </Cell>
      </Cells>
      <ElementDefenition>The aggregate amount of both recurring costs and income associated with normal operations (except for the portion of these expenses which can be clearly related to production and included in cost of sales, services or financing) and expense (income) from ancillary business-related activities. Includes selling, general and administrative expense, research, development and engineering expense, intellectual property and custom development income and interest and debt related expenses (except those related to the financing activities of the entity).</ElementDefenition>
      <ElementReferences>No authoritative reference available.</ElementReferences>
      <IsTotalLabel>true</IsTotalLabel>
    </Row>
    <Row>
      <Id>24</Id>
      <Label>Income from continuing operations before income taxes</Label>
      <Level>3</Level>
      <ElementName>us-gaap_IncomeLossFromContinuingOperationsBeforeIncomeTaxesMinorityInterestAndIncomeLossFromEquityMethodInvestments</ElementName>
      <ElementPrefix>us-gaap</ElementPrefix>
      <IsBaseElement>true</IsBaseElement>
      <BalanceType>credit</BalanceType>
      <PeriodType>duration</PeriodType>
      <ElementDataType>monetary</ElementDataType>
      <ShortDefinition>No definition available.</ShortDefinition>
      <IsReportTitle>false</IsReportTitle>
      <IsSegmentTitle>false</IsSegmentTitle>
      <IsSubReportEnd>false</IsSubReportEnd>
      <IsCalendarTitle>false</IsCalendarTitle>
      <IsTuple>false</IsTuple>
      <IsAbstractGroupTitle>false</IsAbstractGroupTitle>
      <IsBeginningBalance>false</IsBeginningBalance>
      <IsEndingBalance>false</IsEndingBalance>
      <IsEPS>false</IsEPS>
      <Cells>
        <Cell>
          <Id>1</Id>
          <ShowCurrencySymbol>false</ShowCurrencySymbol>
          <IsNumeric>true</IsNumeric>
          <NumericAmount>18138000000</NumericAmount>
          <RoundedNumericAmount>18138</RoundedNumericAmount>
          <NonNumbericText />
          <NonNumericTextHeader />
          <FootnoteIndexer />
          <hasSegments>false</hasSegments>
          <hasScenarios>false</hasScenarios>
        </Cell>
        <Cell>
          <Id>2</Id>
          <ShowCurrencySymbol>false</ShowCurrencySymbol>
          <IsNumeric>true</IsNumeric>
          <NumericAmount>16715000000</NumericAmount>
          <RoundedNumericAmount>16715</RoundedNumericAmount>
          <NonNumbericText />
          <NonNumericTextHeader />
          <FootnoteIndexer>[1]</FootnoteIndexer>
          <hasSegments>false</hasSegments>
          <hasScenarios>false</hasScenarios>
        </Cell>
        <Cell>
          <Id>3</Id>
          <ShowCurrencySymbol>false</ShowCurrencySymbol>
          <IsNumeric>true</IsNumeric>
          <NumericAmount>14489000000</NumericAmount>
          <RoundedNumericAmount>14489</RoundedNumericAmount>
          <NonNumbericText />
          <NonNumericTextHeader />
          <FootnoteIndexer />
          <hasSegments>false</hasSegments>
          <hasScenarios>false</hasScenarios>
        </Cell>
      </Cells>
      <ElementDefenition>No definition available.</ElementDefenition>
      <ElementReferences>No authoritative reference available.</ElementReferences>
      <IsTotalLabel>true</IsTotalLabel>
    </Row>
    <Row>
      <Id>25</Id>
      <Label>Provision for income taxes (Note P)</Label>
      <Level>3</Level>
      <ElementName>us-gaap_IncomeTaxExpenseBenefit</ElementName>
      <ElementPrefix>us-gaap</ElementPrefix>
      <IsBaseElement>true</IsBaseElement>
      <BalanceType>debit</BalanceType>
      <PeriodType>duration</PeriodType>
      <ElementDataType>monetary</ElementDataType>
      <ShortDefinition>No definition available.</ShortDefinition>
      <IsReportTitle>false</IsReportTitle>
      <IsSegmentTitle>false</IsSegmentTitle>
      <IsSubReportEnd>false</IsSubReportEnd>
      <IsCalendarTitle>false</IsCalendarTitle>
      <IsTuple>false</IsTuple>
      <IsAbstractGroupTitle>false</IsAbstractGroupTitle>
      <IsBeginningBalance>false</IsBeginningBalance>
      <IsEndingBalance>false</IsEndingBalance>
      <IsEPS>false</IsEPS>
      <Cells>
        <Cell>
          <Id>1</Id>
          <ShowCurrencySymbol>false</ShowCurrencySymbol>
          <IsNumeric>true</IsNumeric>
          <NumericAmount>4713000000</NumericAmount>
          <RoundedNumericAmount>4713</RoundedNumericAmount>
          <NonNumbericText />
          <NonNumericTextHeader />
          <FootnoteIndexer />
          <hasSegments>false</hasSegments>
          <hasScenarios>false</hasScenarios>
        </Cell>
        <Cell>
          <Id>2</Id>
          <ShowCurrencySymbol>false</ShowCurrencySymbol>
          <IsNumeric>true</IsNumeric>
          <NumericAmount>4381000000</NumericAmount>
          <RoundedNumericAmount>4381</RoundedNumericAmount>
          <NonNumbericText />
          <NonNumericTextHeader />
          <FootnoteIndexer />
          <hasSegments>false</hasSegments>
          <hasScenarios>false</hasScenarios>
        </Cell>
        <Cell>
          <Id>3</Id>
          <ShowCurrencySymbol>false</ShowCurrencySymbol>
          <IsNumeric>true</IsNumeric>
          <NumericAmount>4071000000</NumericAmount>
          <RoundedNumericAmount>4071</RoundedNumericAmount>
          <NonNumbericText />
          <NonNumericTextHeader />
          <FootnoteIndexer />
          <hasSegments>false</hasSegments>
          <hasScenarios>false</hasScenarios>
        </Cell>
      </Cells>
      <ElementDefenition>No definition available.</ElementDefenition>
      <ElementReferences>No authoritative reference available.</ElementReferences>
      <IsTotalLabel>false</IsTotalLabel>
    </Row>
    <Row>
      <Id>26</Id>
      <Label>Income from continuing operations</Label>
      <Level>3</Level>
      <ElementName>us-gaap_IncomeLossFromContinuingOperationsIncludingPortionAttributableToNoncontrollingInterest</ElementName>
      <ElementPrefix>us-gaap</ElementPrefix>
      <IsBaseElement>true</IsBaseElement>
      <BalanceType>credit</BalanceType>
      <PeriodType>duration</PeriodType>
      <ElementDataType>monetary</ElementDataType>
      <ShortDefinition>No definition available.</ShortDefinition>
      <IsReportTitle>false</IsReportTitle>
      <IsSegmentTitle>false</IsSegmentTitle>
      <IsSubReportEnd>false</IsSubReportEnd>
      <IsCalendarTitle>false</IsCalendarTitle>
      <IsTuple>false</IsTuple>
      <IsAbstractGroupTitle>false</IsAbstractGroupTitle>
      <IsBeginningBalance>false</IsBeginningBalance>
      <IsEndingBalance>false</IsEndingBalance>
      <IsEPS>false</IsEPS>
      <Cells>
        <Cell>
          <Id>1</Id>
          <ShowCurrencySymbol>false</ShowCurrencySymbol>
          <IsNumeric>true</IsNumeric>
          <NumericAmount>13425000000</NumericAmount>
          <RoundedNumericAmount>13425</RoundedNumericAmount>
          <NonNumbericText />
          <NonNumericTextHeader />
          <FootnoteIndexer />
          <hasSegments>false</hasSegments>
          <hasScenarios>false</hasScenarios>
        </Cell>
        <Cell>
          <Id>2</Id>
          <ShowCurrencySymbol>false</ShowCurrencySymbol>
          <IsNumeric>true</IsNumeric>
          <NumericAmount>12334000000</NumericAmount>
          <RoundedNumericAmount>12334</RoundedNumericAmount>
          <NonNumbericText />
          <NonNumericTextHeader />
          <FootnoteIndexer />
          <hasSegments>false</hasSegments>
          <hasScenarios>false</hasScenarios>
        </Cell>
        <Cell>
          <Id>3</Id>
          <ShowCurrencySymbol>false</ShowCurrencySymbol>
          <IsNumeric>true</IsNumeric>
          <NumericAmount>10418000000</NumericAmount>
          <RoundedNumericAmount>10418</RoundedNumericAmount>
          <NonNumbericText />
          <NonNumericTextHeader />
          <FootnoteIndexer />
          <hasSegments>false</hasSegments>
          <hasScenarios>false</hasScenarios>
        </Cell>
      </Cells>
      <ElementDefenition>No definition available.</ElementDefenition>
      <ElementReferences>No authoritative reference available.</ElementReferences>
      <IsTotalLabel>true</IsTotalLabel>
    </Row>
    <Row>
      <Id>27</Id>
      <Label>Discontinued operations:</Label>
      <Level>3</Level>
      <ElementName>us-gaap_IncomeLossFromDiscontinuedOperationsNetOfTaxAbstract</ElementName>
      <ElementPrefix>us-gaap</ElementPrefix>
      <IsBaseElement>true</IsBaseElement>
      <BalanceType>na</BalanceType>
      <PeriodType>duration</PeriodType>
      <ElementDataType>string</ElementDataType>
      <ShortDefinition>No definition available.</ShortDefinition>
      <IsReportTitle>false</IsReportTitle>
      <IsSegmentTitle>false</IsSegmentTitle>
      <IsSubReportEnd>false</IsSubReportEnd>
      <IsCalendarTitle>false</IsCalendarTitle>
      <IsTuple>false</IsTuple>
      <IsAbstractGroupTitle>true</IsAbstractGroupTitle>
      <IsBeginningBalance>false</IsBeginningBalance>
      <IsEndingBalance>false</IsEndingBalance>
      <IsEPS>false</IsEPS>
      <Cells>
        <Cell>
          <Id>1</Id>
          <ShowCurrencySymbol>false</ShowCurrencySymbol>
          <IsNumeric>false</IsNumeric>
          <NumericAmount>0</NumericAmount>
          <RoundedNumericAmount>0</RoundedNumericAmount>
          <NonNumbericText />
          <NonNumericTextHeader />
          <FootnoteIndexer />
          <hasSegments>false</hasSegments>
          <hasScenarios>false</hasScenarios>
        </Cell>
        <Cell>
          <Id>2</Id>
          <ShowCurrencySymbol>false</ShowCurrencySymbol>
          <IsNumeric>false</IsNumeric>
          <NumericAmount>0</NumericAmount>
          <RoundedNumericAmount>0</RoundedNumericAmount>
          <NonNumbericText />
          <NonNumericTextHeader />
          <FootnoteIndexer />
          <hasSegments>false</hasSegments>
          <hasScenarios>false</hasScenarios>
        </Cell>
        <Cell>
          <Id>3</Id>
          <ShowCurrencySymbol>false</ShowCurrencySymbol>
          <IsNumeric>false</IsNumeric>
          <NumericAmount>0</NumericAmount>
          <RoundedNumericAmount>0</RoundedNumericAmount>
          <NonNumbericText />
          <NonNumericTextHeader />
          <FootnoteIndexer />
          <hasSegments>false</hasSegments>
          <hasScenarios>false</hasScenarios>
        </Cell>
      </Cells>
      <ElementDefenition>No definition available.</ElementDefenition>
      <IsTotalLabel>false</IsTotalLabel>
    </Row>
    <Row>
      <Id>28</Id>
      <Label>Income/(loss) from discontinued operations, net of tax</Label>
      <Level>4</Level>
      <ElementName>us-gaap_IncomeLossFromDiscontinuedOperationsNetOfTax</ElementName>
      <ElementPrefix>us-gaap</ElementPrefix>
      <IsBaseElement>true</IsBaseElement>
      <BalanceType>credit</BalanceType>
      <PeriodType>duration</PeriodType>
      <ElementDataType>monetary</ElementDataType>
      <ShortDefinition>No definition available.</ShortDefinition>
      <IsReportTitle>false</IsReportTitle>
      <IsSegmentTitle>false</IsSegmentTitle>
      <IsSubReportEnd>false</IsSubReportEnd>
      <IsCalendarTitle>false</IsCalendarTitle>
      <IsTuple>false</IsTuple>
      <IsAbstractGroupTitle>false</IsAbstractGroupTitle>
      <IsBeginningBalance>false</IsBeginningBalance>
      <IsEndingBalance>false</IsEndingBalance>
      <IsEPS>false</IsEPS>
      <Cells>
        <Cell>
          <Id>1</Id>
          <ShowCurrencySymbol>false</ShowCurrencySymbol>
          <IsNumeric>false</IsNumeric>
          <NumericAmount>0</NumericAmount>
          <RoundedNumericAmount>0</RoundedNumericAmount>
          <NonNumbericText />
          <NonNumericTextHeader />
          <FootnoteIndexer />
          <hasSegments>false</hasSegments>
          <hasScenarios>false</hasScenarios>
        </Cell>
        <Cell>
          <Id>2</Id>
          <ShowCurrencySymbol>false</ShowCurrencySymbol>
          <IsNumeric>false</IsNumeric>
          <NumericAmount>0</NumericAmount>
          <RoundedNumericAmount>0</RoundedNumericAmount>
          <NonNumbericText />
          <NonNumericTextHeader />
          <FootnoteIndexer />
          <hasSegments>false</hasSegments>
          <hasScenarios>false</hasScenarios>
        </Cell>
        <Cell>
          <Id>3</Id>
          <ShowCurrencySymbol>false</ShowCurrencySymbol>
          <IsNumeric>true</IsNumeric>
          <NumericAmount>0</NumericAmount>
          <RoundedNumericAmount>0</RoundedNumericAmount>
          <NonNumbericText />
          <NonNumericTextHeader />
          <FootnoteIndexer />
          <hasSegments>false</hasSegments>
          <hasScenarios>false</hasScenarios>
        </Cell>
      </Cells>
      <ElementDefenition>No definition available.</ElementDefenition>
      <ElementReferences>No authoritative reference available.</ElementReferences>
      <IsTotalLabel>false</IsTotalLabel>
    </Row>
    <Row>
      <Id>29</Id>
      <Label>Net income</Label>
      <Level>4</Level>
      <ElementName>us-gaap_ProfitLoss</ElementName>
      <ElementPrefix>us-gaap</ElementPrefix>
      <IsBaseElement>true</IsBaseElement>
      <BalanceType>credit</BalanceType>
      <PeriodType>duration</PeriodType>
      <ElementDataType>monetary</ElementDataType>
      <ShortDefinition>No definition available.</ShortDefinition>
      <IsReportTitle>false</IsReportTitle>
      <IsSegmentTitle>false</IsSegmentTitle>
      <IsSubReportEnd>false</IsSubReportEnd>
      <IsCalendarTitle>false</IsCalendarTitle>
      <IsTuple>false</IsTuple>
      <IsAbstractGroupTitle>false</IsAbstractGroupTitle>
      <IsBeginningBalance>false</IsBeginningBalance>
      <IsEndingBalance>false</IsEndingBalance>
      <IsEPS>false</IsEPS>
      <Cells>
        <Cell>
          <Id>1</Id>
          <ShowCurrencySymbol>true</ShowCurrencySymbol>
          <IsNumeric>true</IsNumeric>
          <NumericAmount>13425000000</NumericAmount>
          <RoundedNumericAmount>13425</RoundedNumericAmount>
          <NonNumbericText />
          <NonNumericTextHeader />
          <FootnoteIndexer />
          <hasSegments>false</hasSegments>
          <hasScenarios>false</hasScenarios>
        </Cell>
        <Cell>
          <Id>2</Id>
          <ShowCurrencySymbol>true</ShowCurrencySymbol>
          <IsNumeric>true</IsNumeric>
          <NumericAmount>12334000000</NumericAmount>
          <RoundedNumericAmount>12334</RoundedNumericAmount>
          <NonNumbericText />
          <NonNumericTextHeader />
          <FootnoteIndexer />
          <hasSegments>false</hasSegments>
          <hasScenarios>false</hasScenarios>
        </Cell>
        <Cell>
          <Id>3</Id>
          <ShowCurrencySymbol>true</ShowCurrencySymbol>
          <IsNumeric>true</IsNumeric>
          <NumericAmount>10418000000</NumericAmount>
          <RoundedNumericAmount>10418</RoundedNumericAmount>
          <NonNumbericText />
          <NonNumericTextHeader />
          <FootnoteIndexer />
          <hasSegments>false</hasSegments>
          <hasScenarios>false</hasScenarios>
        </Cell>
      </Cells>
      <ElementDefenition>No definition available.</ElementDefenition>
      <ElementReferences>No authoritative reference available.</ElementReferences>
      <IsTotalLabel>true</IsTotalLabel>
    </Row>
    <Row>
      <Id>31</Id>
      <Label>Earnings/(loss) per share of common stock, assuming dilution:</Label>
      <Level>4</Level>
      <ElementName>us-gaap_EarningsPerShareDilutedAbstract</ElementName>
      <ElementPrefix>us-gaap</ElementPrefix>
      <IsBaseElement>true</IsBaseElement>
      <BalanceType>na</BalanceType>
      <PeriodType>duration</PeriodType>
      <ElementDataType>string</ElementDataType>
      <ShortDefinition>No definition available.</ShortDefinition>
      <IsReportTitle>false</IsReportTitle>
      <IsSegmentTitle>false</IsSegmentTitle>
      <IsSubReportEnd>false</IsSubReportEnd>
      <IsCalendarTitle>false</IsCalendarTitle>
      <IsTuple>false</IsTuple>
      <IsAbstractGroupTitle>true</IsAbstractGroupTitle>
      <IsBeginningBalance>false</IsBeginningBalance>
      <IsEndingBalance>false</IsEndingBalance>
      <IsEPS>false</IsEPS>
      <Cells>
        <Cell>
          <Id>1</Id>
          <ShowCurrencySymbol>false</ShowCurrencySymbol>
          <IsNumeric>false</IsNumeric>
          <NumericAmount>0</NumericAmount>
          <RoundedNumericAmount>0</RoundedNumericAmount>
          <NonNumbericText />
          <NonNumericTextHeader />
          <FootnoteIndexer />
          <hasSegments>false</hasSegments>
          <hasScenarios>false</hasScenarios>
        </Cell>
        <Cell>
          <Id>2</Id>
          <ShowCurrencySymbol>false</ShowCurrencySymbol>
          <IsNumeric>false</IsNumeric>
          <NumericAmount>0</NumericAmount>
          <RoundedNumericAmount>0</RoundedNumericAmount>
          <NonNumbericText />
          <NonNumericTextHeader />
          <FootnoteIndexer />
          <hasSegments>false</hasSegments>
          <hasScenarios>false</hasScenarios>
        </Cell>
        <Cell>
          <Id>3</Id>
          <ShowCurrencySymbol>false</ShowCurrencySymbol>
          <IsNumeric>false</IsNumeric>
          <NumericAmount>0</NumericAmount>
          <RoundedNumericAmount>0</RoundedNumericAmount>
          <NonNumbericText />
          <NonNumericTextHeader />
          <FootnoteIndexer />
          <hasSegments>false</hasSegments>
          <hasScenarios>false</hasScenarios>
        </Cell>
      </Cells>
      <ElementDefenition>No definition available.</ElementDefenition>
      <IsTotalLabel>false</IsTotalLabel>
    </Row>
    <Row>
      <Id>32</Id>
      <Label>Continuing operations (Note R)</Label>
      <Level>5</Level>
      <ElementName>us-gaap_IncomeLossFromContinuingOperationsPerDilutedShare</ElementName>
      <ElementPrefix>us-gaap</ElementPrefix>
      <IsBaseElement>true</IsBaseElement>
      <BalanceType>na</BalanceType>
      <PeriodType>duration</PeriodType>
      <ElementDataType>decimal</ElementDataType>
      <ShortDefinition>No definition available.</ShortDefinition>
      <IsReportTitle>false</IsReportTitle>
      <IsSegmentTitle>false</IsSegmentTitle>
      <IsSubReportEnd>false</IsSubReportEnd>
      <IsCalendarTitle>false</IsCalendarTitle>
      <IsTuple>false</IsTuple>
      <IsAbstractGroupTitle>false</IsAbstractGroupTitle>
      <IsBeginningBalance>false</IsBeginningBalance>
      <IsEndingBalance>false</IsEndingBalance>
      <IsEPS>true</IsEPS>
      <Cells>
        <Cell>
          <Id>1</Id>
          <ShowCurrencySymbol>true</ShowCurrencySymbol>
          <IsNumeric>true</IsNumeric>
          <NumericAmount>10.01</NumericAmount>
          <RoundedNumericAmount>10.01</RoundedNumericAmount>
          <NonNumbericText />
          <NonNumericTextHeader />
          <FootnoteIndexer />
          <hasSegments>false</hasSegments>
          <hasScenarios>false</hasScenarios>
        </Cell>
        <Cell>
          <Id>2</Id>
          <ShowCurrencySymbol>true</ShowCurrencySymbol>
          <IsNumeric>true</IsNumeric>
          <NumericAmount>8.89</NumericAmount>
          <RoundedNumericAmount>8.89</RoundedNumericAmount>
          <NonNumbericText />
          <NonNumericTextHeader />
          <FootnoteIndexer>[2]</FootnoteIndexer>
          <hasSegments>false</hasSegments>
          <hasScenarios>false</hasScenarios>
        </Cell>
        <Cell>
          <Id>3</Id>
          <ShowCurrencySymbol>true</ShowCurrencySymbol>
          <IsNumeric>true</IsNumeric>
          <NumericAmount>7.15</NumericAmount>
          <RoundedNumericAmount>7.15</RoundedNumericAmount>
          <NonNumbericText />
          <NonNumericTextHeader />
          <FootnoteIndexer>[2]</FootnoteIndexer>
          <hasSegments>false</hasSegments>
          <hasScenarios>false</hasScenarios>
        </Cell>
      </Cells>
      <ElementDefenition>No definition available.</ElementDefenition>
      <ElementReferences>No authoritative reference available.</ElementReferences>
      <IsTotalLabel>false</IsTotalLabel>
    </Row>
    <Row>
      <Id>33</Id>
      <Label>Discontinued operations (Note R)</Label>
      <Level>5</Level>
      <ElementName>us-gaap_IncomeLossFromDiscontinuedOperationsNetOfTaxPerDilutedShare</ElementName>
      <ElementPrefix>us-gaap</ElementPrefix>
      <IsBaseElement>true</IsBaseElement>
      <BalanceType>na</BalanceType>
      <PeriodType>duration</PeriodType>
      <ElementDataType>decimal</ElementDataType>
      <ShortDefinition>No definition available.</ShortDefinition>
      <IsReportTitle>false</IsReportTitle>
      <IsSegmentTitle>false</IsSegmentTitle>
      <IsSubReportEnd>false</IsSubReportEnd>
      <IsCalendarTitle>false</IsCalendarTitle>
      <IsTuple>false</IsTuple>
      <IsAbstractGroupTitle>false</IsAbstractGroupTitle>
      <IsBeginningBalance>false</IsBeginningBalance>
      <IsEndingBalance>false</IsEndingBalance>
      <IsEPS>true</IsEPS>
      <Cells>
        <Cell>
          <Id>1</Id>
          <ShowCurrencySymbol>false</ShowCurrencySymbol>
          <IsNumeric>false</IsNumeric>
          <NumericAmount>0</NumericAmount>
          <RoundedNumericAmount>0</RoundedNumericAmount>
          <NonNumbericText />
          <NonNumericTextHeader />
          <FootnoteIndexer />
          <hasSegments>false</hasSegments>
          <hasScenarios>false</hasScenarios>
        </Cell>
        <Cell>
          <Id>2</Id>
          <ShowCurrencySymbol>false</ShowCurrencySymbol>
          <IsNumeric>false</IsNumeric>
          <NumericAmount>0</NumericAmount>
          <RoundedNumericAmount>0</RoundedNumericAmount>
          <NonNumbericText />
          <NonNumericTextHeader />
          <FootnoteIndexer />
          <hasSegments>false</hasSegments>
          <hasScenarios>false</hasScenarios>
        </Cell>
        <Cell>
          <Id>3</Id>
          <ShowCurrencySymbol>true</ShowCurrencySymbol>
          <IsNumeric>true</IsNumeric>
          <NumericAmount>0.00</NumericAmount>
          <RoundedNumericAmount>0.00</RoundedNumericAmount>
          <NonNumbericText />
          <NonNumericTextHeader />
          <FootnoteIndexer />
          <hasSegments>false</hasSegments>
          <hasScenarios>false</hasScenarios>
        </Cell>
      </Cells>
      <ElementDefenition>No definition available.</ElementDefenition>
      <ElementReferences>No authoritative reference available.</ElementReferences>
      <IsTotalLabel>false</IsTotalLabel>
    </Row>
    <Row>
      <Id>34</Id>
      <Label>Total (Note R)</Label>
      <Level>5</Level>
      <ElementName>us-gaap_EarningsPerShareDiluted</ElementName>
      <ElementPrefix>us-gaap</ElementPrefix>
      <IsBaseElement>true</IsBaseElement>
      <BalanceType>na</BalanceType>
      <PeriodType>duration</PeriodType>
      <ElementDataType>decimal</ElementDataType>
      <ShortDefinition>No definition available.</ShortDefinition>
      <IsReportTitle>false</IsReportTitle>
      <IsSegmentTitle>false</IsSegmentTitle>
      <IsSubReportEnd>false</IsSubReportEnd>
      <IsCalendarTitle>false</IsCalendarTitle>
      <IsTuple>false</IsTuple>
      <IsAbstractGroupTitle>false</IsAbstractGroupTitle>
      <IsBeginningBalance>false</IsBeginningBalance>
      <IsEndingBalance>false</IsEndingBalance>
      <IsEPS>true</IsEPS>
      <Cells>
        <Cell>
          <Id>1</Id>
          <ShowCurrencySymbol>true</ShowCurrencySymbol>
          <IsNumeric>true</IsNumeric>
          <NumericAmount>10.01</NumericAmount>
          <RoundedNumericAmount>10.01</RoundedNumericAmount>
          <NonNumbericText />
          <NonNumericTextHeader />
          <FootnoteIndexer />
          <hasSegments>false</hasSegments>
          <hasScenarios>false</hasScenarios>
        </Cell>
        <Cell>
          <Id>2</Id>
          <ShowCurrencySymbol>true</ShowCurrencySymbol>
          <IsNumeric>true</IsNumeric>
          <NumericAmount>8.89</NumericAmount>
          <RoundedNumericAmount>8.89</RoundedNumericAmount>
          <NonNumbericText />
          <NonNumericTextHeader />
          <FootnoteIndexer>[2]</FootnoteIndexer>
          <hasSegments>false</hasSegments>
          <hasScenarios>false</hasScenarios>
        </Cell>
        <Cell>
          <Id>3</Id>
          <ShowCurrencySymbol>true</ShowCurrencySymbol>
          <IsNumeric>true</IsNumeric>
          <NumericAmount>7.15</NumericAmount>
          <RoundedNumericAmount>7.15</RoundedNumericAmount>
          <NonNumbericText />
          <NonNumericTextHeader />
          <FootnoteIndexer>[2]</FootnoteIndexer>
          <hasSegments>false</hasSegments>
          <hasScenarios>false</hasScenarios>
        </Cell>
      </Cells>
      <ElementDefenition>No definition available.</ElementDefenition>
      <ElementReferences>No authoritative reference available.</ElementReferences>
      <IsTotalLabel>true</IsTotalLabel>
    </Row>
    <Row>
      <Id>35</Id>
      <Label>Earnings/(loss) per share of common stock, basic:</Label>
      <Level>4</Level>
      <ElementName>us-gaap_EarningsPerShareBasicAbstract</ElementName>
      <ElementPrefix>us-gaap</ElementPrefix>
      <IsBaseElement>true</IsBaseElement>
      <BalanceType>na</BalanceType>
      <PeriodType>duration</PeriodType>
      <ElementDataType>string</ElementDataType>
      <ShortDefinition>No definition available.</ShortDefinition>
      <IsReportTitle>false</IsReportTitle>
      <IsSegmentTitle>false</IsSegmentTitle>
      <IsSubReportEnd>false</IsSubReportEnd>
      <IsCalendarTitle>false</IsCalendarTitle>
      <IsTuple>false</IsTuple>
      <IsAbstractGroupTitle>true</IsAbstractGroupTitle>
      <IsBeginningBalance>false</IsBeginningBalance>
      <IsEndingBalance>false</IsEndingBalance>
      <IsEPS>false</IsEPS>
      <Cells>
        <Cell>
          <Id>1</Id>
          <ShowCurrencySymbol>false</ShowCurrencySymbol>
          <IsNumeric>false</IsNumeric>
          <NumericAmount>0</NumericAmount>
          <RoundedNumericAmount>0</RoundedNumericAmount>
          <NonNumbericText />
          <NonNumericTextHeader />
          <FootnoteIndexer />
          <hasSegments>false</hasSegments>
          <hasScenarios>false</hasScenarios>
        </Cell>
        <Cell>
          <Id>2</Id>
          <ShowCurrencySymbol>false</ShowCurrencySymbol>
          <IsNumeric>false</IsNumeric>
          <NumericAmount>0</NumericAmount>
          <RoundedNumericAmount>0</RoundedNumericAmount>
          <NonNumbericText />
          <NonNumericTextHeader />
          <FootnoteIndexer />
          <hasSegments>false</hasSegments>
          <hasScenarios>false</hasScenarios>
        </Cell>
        <Cell>
          <Id>3</Id>
          <ShowCurrencySymbol>false</ShowCurrencySymbol>
          <IsNumeric>false</IsNumeric>
          <NumericAmount>0</NumericAmount>
          <RoundedNumericAmount>0</RoundedNumericAmount>
          <NonNumbericText />
          <NonNumericTextHeader />
          <FootnoteIndexer />
          <hasSegments>false</hasSegments>
          <hasScenarios>false</hasScenarios>
        </Cell>
      </Cells>
      <ElementDefenition>No definition available.</ElementDefenition>
      <IsTotalLabel>false</IsTotalLabel>
    </Row>
    <Row>
      <Id>36</Id>
      <Label>Continuing operations (Note R)</Label>
      <Level>5</Level>
      <ElementName>us-gaap_IncomeLossFromContinuingOperationsPerBasicShare</ElementName>
      <ElementPrefix>us-gaap</ElementPrefix>
      <IsBaseElement>true</IsBaseElement>
      <BalanceType>na</BalanceType>
      <PeriodType>duration</PeriodType>
      <ElementDataType>decimal</ElementDataType>
      <ShortDefinition>No definition available.</ShortDefinition>
      <IsReportTitle>false</IsReportTitle>
      <IsSegmentTitle>false</IsSegmentTitle>
      <IsSubReportEnd>false</IsSubReportEnd>
      <IsCalendarTitle>false</IsCalendarTitle>
      <IsTuple>false</IsTuple>
      <IsAbstractGroupTitle>false</IsAbstractGroupTitle>
      <IsBeginningBalance>false</IsBeginningBalance>
      <IsEndingBalance>false</IsEndingBalance>
      <IsEPS>true</IsEPS>
      <Cells>
        <Cell>
          <Id>1</Id>
          <ShowCurrencySymbol>true</ShowCurrencySymbol>
          <IsNumeric>true</IsNumeric>
          <NumericAmount>10.12</NumericAmount>
          <RoundedNumericAmount>10.12</RoundedNumericAmount>
          <NonNumbericText />
          <NonNumericTextHeader />
          <FootnoteIndexer />
          <hasSegments>false</hasSegments>
          <hasScenarios>false</hasScenarios>
        </Cell>
        <Cell>
          <Id>2</Id>
          <ShowCurrencySymbol>true</ShowCurrencySymbol>
          <IsNumeric>true</IsNumeric>
          <NumericAmount>9.02</NumericAmount>
          <RoundedNumericAmount>9.02</RoundedNumericAmount>
          <NonNumbericText />
          <NonNumericTextHeader />
          <FootnoteIndexer>[2]</FootnoteIndexer>
          <hasSegments>false</hasSegments>
          <hasScenarios>false</hasScenarios>
        </Cell>
        <Cell>
          <Id>3</Id>
          <ShowCurrencySymbol>true</ShowCurrencySymbol>
          <IsNumeric>true</IsNumeric>
          <NumericAmount>7.27</NumericAmount>
          <RoundedNumericAmount>7.27</RoundedNumericAmount>
          <NonNumbericText />
          <NonNumericTextHeader />
          <FootnoteIndexer>[2]</FootnoteIndexer>
          <hasSegments>false</hasSegments>
          <hasScenarios>false</hasScenarios>
        </Cell>
      </Cells>
      <ElementDefenition>No definition available.</ElementDefenition>
      <ElementReferences>No authoritative reference available.</ElementReferences>
      <IsTotalLabel>false</IsTotalLabel>
    </Row>
    <Row>
      <Id>37</Id>
      <Label>Discontinued operations (Note R)</Label>
      <Level>5</Level>
      <ElementName>us-gaap_IncomeLossFromDiscontinuedOperationsNetOfTaxPerBasicShare</ElementName>
      <ElementPrefix>us-gaap</ElementPrefix>
      <IsBaseElement>true</IsBaseElement>
      <BalanceType>na</BalanceType>
      <PeriodType>duration</PeriodType>
      <ElementDataType>decimal</ElementDataType>
      <ShortDefinition>No definition available.</ShortDefinition>
      <IsReportTitle>false</IsReportTitle>
      <IsSegmentTitle>false</IsSegmentTitle>
      <IsSubReportEnd>false</IsSubReportEnd>
      <IsCalendarTitle>false</IsCalendarTitle>
      <IsTuple>false</IsTuple>
      <IsAbstractGroupTitle>false</IsAbstractGroupTitle>
      <IsBeginningBalance>false</IsBeginningBalance>
      <IsEndingBalance>false</IsEndingBalance>
      <IsEPS>true</IsEPS>
      <Cells>
        <Cell>
          <Id>1</Id>
          <ShowCurrencySymbol>false</ShowCurrencySymbol>
          <IsNumeric>false</IsNumeric>
          <NumericAmount>0</NumericAmount>
          <RoundedNumericAmount>0</RoundedNumericAmount>
          <NonNumbericText />
          <NonNumericTextHeader />
          <FootnoteIndexer />
          <hasSegments>false</hasSegments>
          <hasScenarios>false</hasScenarios>
        </Cell>
        <Cell>
          <Id>2</Id>
          <ShowCurrencySymbol>false</ShowCurrencySymbol>
          <IsNumeric>false</IsNumeric>
          <NumericAmount>0</NumericAmount>
          <RoundedNumericAmount>0</RoundedNumericAmount>
          <NonNumbericText />
          <NonNumericTextHeader />
          <FootnoteIndexer />
          <hasSegments>false</hasSegments>
          <hasScenarios>false</hasScenarios>
        </Cell>
        <Cell>
          <Id>3</Id>
          <ShowCurrencySymbol>true</ShowCurrencySymbol>
          <IsNumeric>true</IsNumeric>
          <NumericAmount>0.00</NumericAmount>
          <RoundedNumericAmount>0.00</RoundedNumericAmount>
          <NonNumbericText />
          <NonNumericTextHeader />
          <FootnoteIndexer />
          <hasSegments>false</hasSegments>
          <hasScenarios>false</hasScenarios>
        </Cell>
      </Cells>
      <ElementDefenition>No definition available.</ElementDefenition>
      <ElementReferences>No authoritative reference available.</ElementReferences>
      <IsTotalLabel>false</IsTotalLabel>
    </Row>
    <Row>
      <Id>38</Id>
      <Label>Total (Note R)</Label>
      <Level>5</Level>
      <ElementName>us-gaap_EarningsPerShareBasic</ElementName>
      <ElementPrefix>us-gaap</ElementPrefix>
      <IsBaseElement>true</IsBaseElement>
      <BalanceType>na</BalanceType>
      <PeriodType>duration</PeriodType>
      <ElementDataType>decimal</ElementDataType>
      <ShortDefinition>No definition available.</ShortDefinition>
      <IsReportTitle>false</IsReportTitle>
      <IsSegmentTitle>false</IsSegmentTitle>
      <IsSubReportEnd>false</IsSubReportEnd>
      <IsCalendarTitle>false</IsCalendarTitle>
      <IsTuple>false</IsTuple>
      <IsAbstractGroupTitle>false</IsAbstractGroupTitle>
      <IsBeginningBalance>false</IsBeginningBalance>
      <IsEndingBalance>false</IsEndingBalance>
      <IsEPS>true</IsEPS>
      <Cells>
        <Cell>
          <Id>1</Id>
          <ShowCurrencySymbol>true</ShowCurrencySymbol>
          <IsNumeric>true</IsNumeric>
          <NumericAmount>10.12</NumericAmount>
          <RoundedNumericAmount>10.12</RoundedNumericAmount>
          <NonNumbericText />
          <NonNumericTextHeader />
          <FootnoteIndexer />
          <hasSegments>false</hasSegments>
          <hasScenarios>false</hasScenarios>
        </Cell>
        <Cell>
          <Id>2</Id>
          <ShowCurrencySymbol>true</ShowCurrencySymbol>
          <IsNumeric>true</IsNumeric>
          <NumericAmount>9.02</NumericAmount>
          <RoundedNumericAmount>9.02</RoundedNumericAmount>
          <NonNumbericText />
          <NonNumericTextHeader />
          <FootnoteIndexer>[2]</FootnoteIndexer>
          <hasSegments>false</hasSegments>
          <hasScenarios>false</hasScenarios>
        </Cell>
        <Cell>
          <Id>3</Id>
          <ShowCurrencySymbol>true</ShowCurrencySymbol>
          <IsNumeric>true</IsNumeric>
          <NumericAmount>7.27</NumericAmount>
          <RoundedNumericAmount>7.27</RoundedNumericAmount>
          <NonNumbericText />
          <NonNumericTextHeader />
          <FootnoteIndexer>[2]</FootnoteIndexer>
          <hasSegments>false</hasSegments>
          <hasScenarios>false</hasScenarios>
        </Cell>
      </Cells>
      <ElementDefenition>No definition available.</ElementDefenition>
      <ElementReferences>No authoritative reference available.</ElementReferences>
      <IsTotalLabel>true</IsTotalLabel>
    </Row>
    <Row>
      <Id>39</Id>
      <Label>Weighted-average number of common shares outstanding:</Label>
      <Level>3</Level>
      <ElementName>ibm_Weighted-AverageNumberCommonSharesOutstandingAbstract</ElementName>
      <ElementPrefix>ibm</ElementPrefix>
      <IsBaseElement>false</IsBaseElement>
      <BalanceType>na</BalanceType>
      <PeriodType>duration</PeriodType>
      <ElementDataType>string</ElementDataType>
      <ShortDefinition>No definition available.</ShortDefinition>
      <IsReportTitle>false</IsReportTitle>
      <IsSegmentTitle>false</IsSegmentTitle>
      <IsSubReportEnd>false</IsSubReportEnd>
      <IsCalendarTitle>false</IsCalendarTitle>
      <IsTuple>false</IsTuple>
      <IsAbstractGroupTitle>true</IsAbstractGroupTitle>
      <IsBeginningBalance>false</IsBeginningBalance>
      <IsEndingBalance>false</IsEndingBalance>
      <IsEPS>false</IsEPS>
      <Cells>
        <Cell>
          <Id>1</Id>
          <ShowCurrencySymbol>false</ShowCurrencySymbol>
          <IsNumeric>false</IsNumeric>
          <NumericAmount>0</NumericAmount>
          <RoundedNumericAmount>0</RoundedNumericAmount>
          <NonNumbericText />
          <NonNumericTextHeader />
          <FootnoteIndexer />
          <hasSegments>false</hasSegments>
          <hasScenarios>false</hasScenarios>
        </Cell>
        <Cell>
          <Id>2</Id>
          <ShowCurrencySymbol>false</ShowCurrencySymbol>
          <IsNumeric>false</IsNumeric>
          <NumericAmount>0</NumericAmount>
          <RoundedNumericAmount>0</RoundedNumericAmount>
          <NonNumbericText />
          <NonNumericTextHeader />
          <FootnoteIndexer />
          <hasSegments>false</hasSegments>
          <hasScenarios>false</hasScenarios>
        </Cell>
        <Cell>
          <Id>3</Id>
          <ShowCurrencySymbol>false</ShowCurrencySymbol>
          <IsNumeric>false</IsNumeric>
          <NumericAmount>0</NumericAmount>
          <RoundedNumericAmount>0</RoundedNumericAmount>
          <NonNumbericText />
          <NonNumericTextHeader />
          <FootnoteIndexer />
          <hasSegments>false</hasSegments>
          <hasScenarios>false</hasScenarios>
        </Cell>
      </Cells>
      <ElementDefenition>No definition available.</ElementDefenition>
      <IsTotalLabel>false</IsTotalLabel>
    </Row>
    <Row>
      <Id>40</Id>
      <Label>Assuming dilution</Label>
      <Level>4</Level>
      <ElementName>us-gaap_WeightedAverageNumberOfDilutedSharesOutstanding</ElementName>
      <ElementPrefix>us-gaap</ElementPrefix>
      <IsBaseElement>true</IsBaseElement>
      <BalanceType>na</BalanceType>
      <PeriodType>duration</PeriodType>
      <ElementDataType>shares</ElementDataType>
      <ShortDefinition>No definition available.</ShortDefinition>
      <IsReportTitle>false</IsReportTitle>
      <IsSegmentTitle>false</IsSegmentTitle>
      <IsSubReportEnd>false</IsSubReportEnd>
      <IsCalendarTitle>false</IsCalendarTitle>
      <IsTuple>false</IsTuple>
      <IsAbstractGroupTitle>false</IsAbstractGroupTitle>
      <IsBeginningBalance>false</IsBeginningBalance>
      <IsEndingBalance>false</IsEndingBalance>
      <IsEPS>false</IsEPS>
      <Cells>
        <Cell>
          <Id>1</Id>
          <ShowCurrencySymbol>false</ShowCurrencySymbol>
          <IsNumeric>true</IsNumeric>
          <NumericAmount>1341352754</NumericAmount>
          <RoundedNumericAmount>1341352754.00</RoundedNumericAmount>
          <NonNumbericText />
          <NonNumericTextHeader />
          <FootnoteIndexer />
          <hasSegments>false</hasSegments>
          <hasScenarios>false</hasScenarios>
        </Cell>
        <Cell>
          <Id>2</Id>
          <ShowCurrencySymbol>false</ShowCurrencySymbol>
          <IsNumeric>true</IsNumeric>
          <NumericAmount>1387797198</NumericAmount>
          <RoundedNumericAmount>1387797198.00</RoundedNumericAmount>
          <NonNumbericText />
          <NonNumericTextHeader />
          <FootnoteIndexer>[2]</FootnoteIndexer>
          <hasSegments>false</hasSegments>
          <hasScenarios>false</hasScenarios>
        </Cell>
        <Cell>
          <Id>3</Id>
          <ShowCurrencySymbol>false</ShowCurrencySymbol>
          <IsNumeric>true</IsNumeric>
          <NumericAmount>1456880751</NumericAmount>
          <RoundedNumericAmount>1456880751.00</RoundedNumericAmount>
          <NonNumbericText />
          <NonNumericTextHeader />
          <FootnoteIndexer>[2]</FootnoteIndexer>
          <hasSegments>false</hasSegments>
          <hasScenarios>false</hasScenarios>
        </Cell>
      </Cells>
      <ElementDefenition>No definition available.</ElementDefenition>
      <ElementReferences>No authoritative reference available.</ElementReferences>
      <IsTotalLabel>false</IsTotalLabel>
    </Row>
    <Row>
      <Id>41</Id>
      <Label>Basic</Label>
      <Level>4</Level>
      <ElementName>us-gaap_WeightedAverageNumberOfSharesOutstandingBasic</ElementName>
      <ElementPrefix>us-gaap</ElementPrefix>
      <IsBaseElement>true</IsBaseElement>
      <BalanceType>na</BalanceType>
      <PeriodType>duration</PeriodType>
      <ElementDataType>shares</ElementDataType>
      <ShortDefinition>No definition available.</ShortDefinition>
      <IsReportTitle>false</IsReportTitle>
      <IsSegmentTitle>false</IsSegmentTitle>
      <IsSubReportEnd>false</IsSubReportEnd>
      <IsCalendarTitle>false</IsCalendarTitle>
      <IsTuple>false</IsTuple>
      <IsAbstractGroupTitle>false</IsAbstractGroupTitle>
      <IsBeginningBalance>false</IsBeginningBalance>
      <IsEndingBalance>false</IsEndingBalance>
      <IsEPS>false</IsEPS>
      <Cells>
        <Cell>
          <Id>1</Id>
          <ShowCurrencySymbol>false</ShowCurrencySymbol>
          <IsNumeric>true</IsNumeric>
          <NumericAmount>1327157410</NumericAmount>
          <RoundedNumericAmount>1327157410.00</RoundedNumericAmount>
          <NonNumbericText />
          <NonNumericTextHeader />
          <FootnoteIndexer />
          <hasSegments>false</hasSegments>
          <hasScenarios>false</hasScenarios>
        </Cell>
        <Cell>
          <Id>2</Id>
          <ShowCurrencySymbol>false</ShowCurrencySymbol>
          <IsNumeric>true</IsNumeric>
          <NumericAmount>1369367069</NumericAmount>
          <RoundedNumericAmount>1369367069.00</RoundedNumericAmount>
          <NonNumbericText />
          <NonNumericTextHeader />
          <FootnoteIndexer>[2]</FootnoteIndexer>
          <hasSegments>false</hasSegments>
          <hasScenarios>false</hasScenarios>
        </Cell>
        <Cell>
          <Id>3</Id>
          <ShowCurrencySymbol>false</ShowCurrencySymbol>
          <IsNumeric>true</IsNumeric>
          <NumericAmount>1433935221</NumericAmount>
          <RoundedNumericAmount>1433935221.00</RoundedNumericAmount>
          <NonNumbericText />
          <NonNumericTextHeader />
          <FootnoteIndexer>[2]</FootnoteIndexer>
          <hasSegments>false</hasSegments>
          <hasScenarios>false</hasScenarios>
        </Cell>
      </Cells>
      <ElementDefenition>No definition available.</ElementDefenition>
      <ElementReferences>No authoritative reference available.</ElementReferences>
      <IsTotalLabel>false</IsTotalLabel>
    </Row>
  </Rows>
  <Footnotes>
    <Footnote>
      <NoteId>1</NoteId>
      <Note>Amounts may not add due to rounding.</Note>
    </Footnote>
    <Footnote>
      <NoteId>2</NoteId>
      <Note>Reflects the adoption of the Financial Accounting Standards Board (FASB) guidance in determining whether instruments granted in share-based payment transactions are participating securities. See note B, "Accounting Changes," on pages 79 to 82 for additional information.</Note>
    </Footnote>
  </Footnotes>
  <ComparabilityReport>false</ComparabilityReport>
  <NumberOfCols>3</NumberOfCols>
  <NumberOfRows>35</NumberOfRows>
  <HasScenarios>false</HasScenarios>
  <MonetaryRoundingLevel>Millions</MonetaryRoundingLevel>
  <SharesRoundingLevel>NoRounding</SharesRoundingLevel>
  <PerShareRoundingLevel>Hundreds</PerShareRoundingLevel>
  <HasPureData>false</HasPureData>
  <SharesShouldBeRounded>true</SharesShouldBeRounded>
</InstanceReport>
</XBRL>
</TEXT>
</DOCUMENT>
ERROR cannot procceed to extract data
found line <FILENAME>a2195966z10-k.htm
found line <FILENAME>a2195966zex-3.htm
found line <FILENAME>a2195966zex-10_1.htm
found line <FILENAME>a2195966zex-10_2.htm
found line <FILENAME>a2195966zex-10_3.htm
found line <FILENAME>a2195966zex-12.htm
found line <FILENAME>a2195966zex-13.htm
found line <FILENAME>a2195966zex-21.htm
found line <FILENAME>a2195966zex-23_1.htm
found line <FILENAME>a2195966zex-24_1.htm
found line <FILENAME>a2195966zex-24_2.htm
found line <FILENAME>a2195966zex-31_1.htm
found line <FILENAME>a2195966zex-31_2.htm
found line <FILENAME>a2195966zex-32_1.htm
found line <FILENAME>a2195966zex-32_2.htm
found line <FILENAME>ibm-20091231.xml
found line <FILENAME>ibm-20091231.xsd
found line <FILENAME>ibm-20091231_cal.xml
found line <FILENAME>ibm-20091231_def.xml
found line <FILENAME>ibm-20091231_lab.xml
found line <FILENAME>ibm-20091231_pre.xml
found line <FILENAME>g356112ko11i001.jpg
found line <FILENAME>g356112ko11i002.jpg
found line <FILENAME>g356112ko11i003.jpg
found line <FILENAME>g356112ko37i001.jpg
found line <FILENAME>g356112ko37i002.jpg
found line <FILENAME>g356112ko39i001.jpg
found line <FILENAME>R19.xml
found line <FILENAME>R29.xml
found line <FILENAME>R11.xml
found line <FILENAME>R10.xml
found line <FILENAME>R30.xml
found line <FILENAME>R8.xml
found line <FILENAME>R22.xml
found line <FILENAME>R31.xml
found line <FILENAME>R18.xml
found line <FILENAME>R12.xml
found line <FILENAME>R3.xml
found line <FILENAME>R14.xml
found line <FILENAME>R15.xml
found line <FILENAME>R24.xml
found line <FILENAME>R20.xml
found line <FILENAME>R4.xml
found line <FILENAME>R27.xml
found line <FILENAME>R16.xml
found line <FILENAME>R28.xml
found line <FILENAME>R9.xml
found line <FILENAME>R6.xml
found line <FILENAME>R5.xml
found line <FILENAME>R23.xml
found line <FILENAME>defnref.xml
found line <FILENAME>R21.xml
found line <FILENAME>R13.xml
found line <FILENAME>R26.xml
found line <FILENAME>R1.xml
found line <FILENAME>R2.xml
