Did not find cik number for CRD.B in link
***Trying to get cik from company: Crawford & Company
NOT succefull in getting cik
looking up in table on edgar
Did not find cik number for EXM in link
***Trying to get cik from company: Excel Maritime Carriers Ltd.
NOT succefull in getting cik
looking up in table on edgar
Did not find cik number for GET in link
***Trying to get cik from company: Gaylord Entertainment Co.
NOT succefull in getting cik
looking up in table on edgar
Did not find cik number for GGC in link
***Trying to get cik from company: Georgia Gulf Corporation
NOT succefull in getting cik
looking up in table on edgar
Did not find cik number for GKK in link
***Trying to get cik from company: Gramercy Capital Corp.
NOT succefull in getting cik
looking up in table on edgar
Did not find cik number for HWD in link
***Trying to get cik from company: Harry Winston Diamond Corporation
NOT succefull in getting cik
looking up in table on edgar
Did not find cik number for HEK in link
***Trying to get cik from company: Heckmann Corporation
NOT succefull in getting cik
looking up in table on edgar
Did not find cik number for HUB.B in link
***Trying to get cik from company: Hubbell Inc.
NOT succefull in getting cik
looking up in table on edgar
Did not find cik number for NRGY in link
***Trying to get cik from company: Inergy, L.P.
NOT succefull in getting cik
looking up in table on edgar
Did not find cik number for SFI in link
***Trying to get cik from company: iStar Financial Inc.
NOT succefull in getting cik
looking up in table on edgar
Did not find cik number for WFR in link
***Trying to get cik from company: MEMC Electronic Materials Inc.
NOT succefull in getting cik
looking up in table on edgar
Did not find cik number for PCS in link
***Trying to get cik from company: MetroPCS Communications, Inc.
NOT succefull in getting cik
looking up in table on edgar
Did not find cik number for STN in link
***Trying to get cik from company: Stantec Inc.
NOT succefull in getting cik
looking up in table on edgar
Did not find cik number for WPI in link
***Trying to get cik from company: Watson Pharmaceuticals Inc.
NOT succefull in getting cik
looking up in table on edgar
Could not open url: 404 Not Found 
 for ticker: WPI
Did not find cik number for RDS.A in link
***Trying to get cik from company: Royal Duthch Shell PLC
NOT succefull in getting cik
looking up in table on edgar
Did not find cik number for CGV in link
***Trying to get cik from company: CGGVeritas	 
NOT succefull in getting cik
looking up in table on edgar
Did not find cik number for FTE in link
***Trying to get cik from company: France Telecom	 
NOT succefull in getting cik
looking up in table on edgar
Did not find cik number for CCH in link
***Trying to get cik from company: Coca-Cola Hellenic Bottling Company S.A.	 
NOT succefull in getting cik
looking up in table on edgar
Did not find cik number for BF.B in link
***Trying to get cik from company: Brown-Forman Corp B
NOT succefull in getting cik
looking up in table on edgar
