edgar.rb get10k called with acn TICKER: CVX , YEAR: 2013 , ACN: 0000093410-14-000011
Called find_names_of_income_and_balance_statements()
Found filename for document
Found filename for document
Found filename for document
Found filename for document
Found filename for document
Found the filing Summary!!!!!
checking a report Document and Entity Information
checking a report Consolidated Statement of Income
Found income report!!!!! its in the file: R2.htm
checking a report Consolidated Statement of Income (Parenthetical)
checking a report Consolidated Statement of Comprehensive Income
checking a report Consolidated Balance Sheet
Found Balance report!!!!! its in the file: R5.htm
found line <FILENAME>cvx-123113x10kdoc.htm
found line <FILENAME>cvx12312013ex108cipawardcr.htm
found line <FILENAME>cvx12312013ex109termsandco.htm
found line <FILENAME>cvx12312013ex12ratios.htm
found line <FILENAME>cvx12312013ex211subsidiari.htm
found line <FILENAME>cvx12312013ex231consent.htm
found line <FILENAME>cvx12312013ex241poa.htm
found line <FILENAME>cvx12312013ex242poa.htm
found line <FILENAME>cvx12312013ex243poa.htm
found line <FILENAME>cvx12312013ex244poa.htm
found line <FILENAME>cvx12312013ex245poa.htm
found line <FILENAME>cvx12312013ex246poa.htm
found line <FILENAME>cvx12312013ex247poa.htm
found line <FILENAME>cvx12312013ex248poa.htm
found line <FILENAME>cvx12312013ex249poa.htm
found line <FILENAME>cvx12312013ex2410poa.htm
found line <FILENAME>cvx12312013ex311ceo-sox302.htm
found line <FILENAME>cvx12312013ex312cfo-sox302.htm
found line <FILENAME>cvx12312013ex321ceo-sox906.htm
found line <FILENAME>cvx12312013ex322cfo-sox906.htm
found line <FILENAME>cvx12312013ex95minesafety.htm
found line <FILENAME>cvx12312013ex991definitions.htm
found line <FILENAME>cvx-20131231.xml
found line <FILENAME>cvx-20131231.xsd
found line <FILENAME>cvx-20131231_cal.xml
found line <FILENAME>cvx-20131231_def.xml
found line <FILENAME>cvx-20131231_lab.xml
found line <FILENAME>cvx-20131231_pre.xml
found line <FILENAME>a010bnetcrudebk.jpg
found line <FILENAME>a011bnetnatgasproda01.jpg
found line <FILENAME>a014anetprovedfr.jpg
found line <FILENAME>a015explprodcapexplexp.jpg
found line <FILENAME>a016explorexpense.jpg
found line <FILENAME>a017wwexplprodearningsa01.jpg
found line <FILENAME>a018usgasandothera01.jpg
found line <FILENAME>a019wwrefinemktga01.jpg
found line <FILENAME>a020intlgasotherrefineda01.jpg
found line <FILENAME>a022bcashprovopactbk.jpg
found line <FILENAME>a023totintexp.jpg
found line <FILENAME>a024debtratio.jpg
found line <FILENAME>ambua01.jpg
found line <FILENAME>asia-south.jpg
found line <FILENAME>australiaa02.jpg
found line <FILENAME>beochart4q13.jpg
found line <FILENAME>bnetprovedreservesliquida.jpg
found line <FILENAME>canadaa01.jpg
found line <FILENAME>centralafricaa02.jpg
found line <FILENAME>chinaa01.jpg
found line <FILENAME>eastern-europe.jpg
found line <FILENAME>eurasiaa01.jpg
found line <FILENAME>globalupstreama01.jpg
found line <FILENAME>gulfofmexico020414.jpg
found line <FILENAME>indonesiaa01.jpg
found line <FILENAME>jsw.gif
found line <FILENAME>latin-america_bottma01.jpg
found line <FILENAME>latin-america_top.jpg
found line <FILENAME>midcona02.jpg
found line <FILENAME>middle-east.jpg
found line <FILENAME>mjf.gif
found line <FILENAME>nigeriaa01.jpg
found line <FILENAME>pey.gif
found line <FILENAME>pwc.gif
found line <FILENAME>western-europe.jpg
found line <FILENAME>R39.htm
found line <FILENAME>R112.htm
found line <FILENAME>R54.htm
found line <FILENAME>R48.htm
found line <FILENAME>Financial_Report.xlsx
found line <FILENAME>R70.htm
found line <FILENAME>R55.htm
found line <FILENAME>R78.htm
found line <FILENAME>R104.htm
found line <FILENAME>R46.htm
found line <FILENAME>R33.htm
found line <FILENAME>R79.htm
found line <FILENAME>report.css
found line <FILENAME>R73.htm
found line <FILENAME>R89.htm
found line <FILENAME>R57.htm
found line <FILENAME>R109.htm
found line <FILENAME>R76.htm
found line <FILENAME>R86.htm
found line <FILENAME>0000093410-14-000011-xbrl.zip
found line <FILENAME>R81.htm
found line <FILENAME>R87.htm
found line <FILENAME>R77.htm
found line <FILENAME>R71.htm
found line <FILENAME>R25.htm
found line <FILENAME>R50.htm
found line <FILENAME>R42.htm
found line <FILENAME>R75.htm
found line <FILENAME>R97.htm
found line <FILENAME>R37.htm
found line <FILENAME>R52.htm
found line <FILENAME>R67.htm
found line <FILENAME>R111.htm
found line <FILENAME>R61.htm
found line <FILENAME>R47.htm
found line <FILENAME>R9.htm
found line <FILENAME>R116.htm
found line <FILENAME>R62.htm
found line <FILENAME>Financial_Report.xls
found line <FILENAME>R43.htm
found line <FILENAME>R29.htm
found line <FILENAME>R28.htm
found line <FILENAME>R100.htm
found line <FILENAME>R56.htm
found line <FILENAME>R44.htm
found line <FILENAME>R30.htm
found line <FILENAME>R31.htm
found line <FILENAME>R8.htm
found line <FILENAME>R32.htm
found line <FILENAME>R83.htm
found line <FILENAME>R114.htm
found line <FILENAME>R40.htm
found line <FILENAME>R53.htm
found line <FILENAME>R72.htm
found line <FILENAME>R2.htm
created file financials/CVX/CVX_2013_income.txt containing file R2.htm
found line <FILENAME>cvx-123113x10kdoc.htm
found line <FILENAME>cvx12312013ex108cipawardcr.htm
found line <FILENAME>cvx12312013ex109termsandco.htm
found line <FILENAME>cvx12312013ex12ratios.htm
found line <FILENAME>cvx12312013ex211subsidiari.htm
found line <FILENAME>cvx12312013ex231consent.htm
found line <FILENAME>cvx12312013ex241poa.htm
found line <FILENAME>cvx12312013ex242poa.htm
found line <FILENAME>cvx12312013ex243poa.htm
found line <FILENAME>cvx12312013ex244poa.htm
found line <FILENAME>cvx12312013ex245poa.htm
found line <FILENAME>cvx12312013ex246poa.htm
found line <FILENAME>cvx12312013ex247poa.htm
found line <FILENAME>cvx12312013ex248poa.htm
found line <FILENAME>cvx12312013ex249poa.htm
found line <FILENAME>cvx12312013ex2410poa.htm
found line <FILENAME>cvx12312013ex311ceo-sox302.htm
found line <FILENAME>cvx12312013ex312cfo-sox302.htm
found line <FILENAME>cvx12312013ex321ceo-sox906.htm
found line <FILENAME>cvx12312013ex322cfo-sox906.htm
found line <FILENAME>cvx12312013ex95minesafety.htm
found line <FILENAME>cvx12312013ex991definitions.htm
found line <FILENAME>cvx-20131231.xml
found line <FILENAME>cvx-20131231.xsd
found line <FILENAME>cvx-20131231_cal.xml
found line <FILENAME>cvx-20131231_def.xml
found line <FILENAME>cvx-20131231_lab.xml
found line <FILENAME>cvx-20131231_pre.xml
found line <FILENAME>a010bnetcrudebk.jpg
found line <FILENAME>a011bnetnatgasproda01.jpg
found line <FILENAME>a014anetprovedfr.jpg
found line <FILENAME>a015explprodcapexplexp.jpg
found line <FILENAME>a016explorexpense.jpg
found line <FILENAME>a017wwexplprodearningsa01.jpg
found line <FILENAME>a018usgasandothera01.jpg
found line <FILENAME>a019wwrefinemktga01.jpg
found line <FILENAME>a020intlgasotherrefineda01.jpg
found line <FILENAME>a022bcashprovopactbk.jpg
found line <FILENAME>a023totintexp.jpg
found line <FILENAME>a024debtratio.jpg
found line <FILENAME>ambua01.jpg
found line <FILENAME>asia-south.jpg
found line <FILENAME>australiaa02.jpg
found line <FILENAME>beochart4q13.jpg
found line <FILENAME>bnetprovedreservesliquida.jpg
found line <FILENAME>canadaa01.jpg
found line <FILENAME>centralafricaa02.jpg
found line <FILENAME>chinaa01.jpg
found line <FILENAME>eastern-europe.jpg
found line <FILENAME>eurasiaa01.jpg
found line <FILENAME>globalupstreama01.jpg
found line <FILENAME>gulfofmexico020414.jpg
found line <FILENAME>indonesiaa01.jpg
found line <FILENAME>jsw.gif
found line <FILENAME>latin-america_bottma01.jpg
found line <FILENAME>latin-america_top.jpg
found line <FILENAME>midcona02.jpg
found line <FILENAME>middle-east.jpg
found line <FILENAME>mjf.gif
found line <FILENAME>nigeriaa01.jpg
found line <FILENAME>pey.gif
found line <FILENAME>pwc.gif
found line <FILENAME>western-europe.jpg
found line <FILENAME>R39.htm
found line <FILENAME>R112.htm
found line <FILENAME>R54.htm
found line <FILENAME>R48.htm
found line <FILENAME>Financial_Report.xlsx
found line <FILENAME>R70.htm
found line <FILENAME>R55.htm
found line <FILENAME>R78.htm
found line <FILENAME>R104.htm
found line <FILENAME>R46.htm
found line <FILENAME>R33.htm
found line <FILENAME>R79.htm
found line <FILENAME>report.css
found line <FILENAME>R73.htm
found line <FILENAME>R89.htm
found line <FILENAME>R57.htm
found line <FILENAME>R109.htm
found line <FILENAME>R76.htm
found line <FILENAME>R86.htm
found line <FILENAME>0000093410-14-000011-xbrl.zip
found line <FILENAME>R81.htm
found line <FILENAME>R87.htm
found line <FILENAME>R77.htm
found line <FILENAME>R71.htm
found line <FILENAME>R25.htm
found line <FILENAME>R50.htm
found line <FILENAME>R42.htm
found line <FILENAME>R75.htm
found line <FILENAME>R97.htm
found line <FILENAME>R37.htm
found line <FILENAME>R52.htm
found line <FILENAME>R67.htm
found line <FILENAME>R111.htm
found line <FILENAME>R61.htm
found line <FILENAME>R47.htm
found line <FILENAME>R9.htm
found line <FILENAME>R116.htm
found line <FILENAME>R62.htm
found line <FILENAME>Financial_Report.xls
found line <FILENAME>R43.htm
found line <FILENAME>R29.htm
found line <FILENAME>R28.htm
found line <FILENAME>R100.htm
found line <FILENAME>R56.htm
found line <FILENAME>R44.htm
found line <FILENAME>R30.htm
found line <FILENAME>R31.htm
found line <FILENAME>R8.htm
found line <FILENAME>R32.htm
found line <FILENAME>R83.htm
found line <FILENAME>R114.htm
found line <FILENAME>R40.htm
found line <FILENAME>R53.htm
found line <FILENAME>R72.htm
found line <FILENAME>R2.htm
found line <FILENAME>R45.htm
found line <FILENAME>R96.htm
found line <FILENAME>R113.htm
found line <FILENAME>R6.htm
found line <FILENAME>R94.htm
found line <FILENAME>R59.htm
found line <FILENAME>R99.htm
found line <FILENAME>R35.htm
found line <FILENAME>R65.htm
found line <FILENAME>R22.htm
found line <FILENAME>R36.htm
found line <FILENAME>R98.htm
found line <FILENAME>R24.htm
found line <FILENAME>R68.htm
found line <FILENAME>R108.htm
found line <FILENAME>Show.js
found line <FILENAME>R7.htm
found line <FILENAME>R3.htm
found line <FILENAME>R17.htm
found line <FILENAME>R103.htm
found line <FILENAME>R93.htm
found line <FILENAME>R91.htm
found line <FILENAME>R1.htm
found line <FILENAME>R18.htm
found line <FILENAME>R80.htm
found line <FILENAME>R90.htm
found line <FILENAME>R4.htm
found line <FILENAME>R12.htm
found line <FILENAME>R11.htm
found line <FILENAME>R23.htm
found line <FILENAME>R19.htm
found line <FILENAME>R84.htm
found line <FILENAME>R15.htm
found line <FILENAME>R60.htm
found line <FILENAME>R110.htm
found line <FILENAME>R13.htm
found line <FILENAME>R14.htm
found line <FILENAME>R16.htm
found line <FILENAME>R64.htm
found line <FILENAME>R85.htm
found line <FILENAME>R66.htm
found line <FILENAME>R102.htm
found line <FILENAME>R63.htm
found line <FILENAME>R92.htm
found line <FILENAME>R34.htm
found line <FILENAME>R51.htm
found line <FILENAME>R21.htm
found line <FILENAME>R115.htm
found line <FILENAME>R26.htm
found line <FILENAME>R95.htm
found line <FILENAME>R49.htm
found line <FILENAME>R105.htm
found line <FILENAME>R41.htm
found line <FILENAME>R107.htm
found line <FILENAME>R5.htm
created file financials/CVX/CVX_2013_balance.txt containing file R5.htm
edgar.rb get10k called with acn TICKER: CVX , YEAR: 2012 , ACN: 0000093410-13-000003
Called find_names_of_income_and_balance_statements()
Found filename for document
Found filename for document
Found filename for document
Found filename for document
Found filename for document
Found filename for document
Found the filing Summary!!!!!
checking a report Document and Entity Information
checking a report Consolidated Statement of Income
Found income report!!!!! its in the file: R2.htm
checking a report Consolidated Statement of Comprehensive Income
checking a report Consolidated Balance Sheet
Found Balance report!!!!! its in the file: R4.htm
found line <FILENAME>cvx-123112x10kdoc.htm
found line <FILENAME>cvx12312012ex109cipawardcr.htm
found line <FILENAME>cvx12312012ex1013rsugranta.htm
found line <FILENAME>cvx12312012ex121ratios.htm
found line <FILENAME>cvx12312012ex211subsidiari.htm
found line <FILENAME>cvx12312012ex231consent.htm
found line <FILENAME>cvx12312012ex241poa.htm
found line <FILENAME>cvx12312012ex242poa.htm
found line <FILENAME>cvx12312012ex243poa.htm
found line <FILENAME>cvx12312012ex244poa.htm
found line <FILENAME>cvx12312012ex245poa.htm
found line <FILENAME>cvx12312012ex246poa.htm
found line <FILENAME>cvx12312012ex247poa.htm
found line <FILENAME>cvx12312012ex248poa.htm
found line <FILENAME>cvx12312012ex249poa.htm
found line <FILENAME>cvx12312012ex311ceo-sox302.htm
found line <FILENAME>cvx12312012ex312cfo-sox302.htm
found line <FILENAME>cvx12312012ex321ceo-sox906.htm
found line <FILENAME>cvx12312012ex322cfo-sox906.htm
found line <FILENAME>cvx12312012ex95minesafety.htm
found line <FILENAME>cvx12312012ex991definitions.htm
found line <FILENAME>cvx-20121231.xml
found line <FILENAME>cvx-20121231.xsd
found line <FILENAME>cvx-20121231_cal.xml
found line <FILENAME>cvx-20121231_def.xml
found line <FILENAME>cvx-20121231_lab.xml
found line <FILENAME>cvx-20121231_pre.xml
found line <FILENAME>a009crudeoilpricesv1.jpg
found line <FILENAME>a010bnetcrudebkv1.jpg
found line <FILENAME>a011bnetnatgasprodv1.jpg
found line <FILENAME>a014anetprovedfrv1.jpg
found line <FILENAME>a014bnetprovedreservesliquid.jpg
found line <FILENAME>a015explprodcapexplexpv1.jpg
found line <FILENAME>a016explorexpensev1.jpg
found line <FILENAME>a017wwexplprodearningsv1.jpg
found line <FILENAME>a018usgasandotherv1.jpg
found line <FILENAME>a019wwrefinemktgv1.jpg
found line <FILENAME>a020intlgasotherrefinedv1.jpg
found line <FILENAME>a022bcashprovopactbkv1.jpg
found line <FILENAME>a023totintexpv1.jpg
found line <FILENAME>a024debtratiov1updated.jpg
found line <FILENAME>ambu.jpg
found line <FILENAME>asiasouth.jpg
found line <FILENAME>australia.jpg
found line <FILENAME>canada.jpg
found line <FILENAME>centralafrica.jpg
found line <FILENAME>china.jpg
found line <FILENAME>easterneurope.jpg
found line <FILENAME>eurasia.jpg
found line <FILENAME>globalupstream.jpg
found line <FILENAME>gulfofmexico.jpg
found line <FILENAME>indonesia.jpg
found line <FILENAME>jsw.gif
found line <FILENAME>latinamericabottm.jpg
found line <FILENAME>latinamericatop.jpg
found line <FILENAME>midcon.jpg
found line <FILENAME>middleeast.jpg
found line <FILENAME>mjf.gif
found line <FILENAME>nigeria.jpg
found line <FILENAME>pey.gif
found line <FILENAME>pwc.gif
found line <FILENAME>westerneurope.jpg
found line <FILENAME>R39.htm
found line <FILENAME>R112.htm
found line <FILENAME>R54.htm
found line <FILENAME>R48.htm
found line <FILENAME>R70.htm
found line <FILENAME>R55.htm
found line <FILENAME>R78.htm
found line <FILENAME>R104.htm
found line <FILENAME>R46.htm
found line <FILENAME>R33.htm
found line <FILENAME>R79.htm
found line <FILENAME>report.css
found line <FILENAME>R73.htm
found line <FILENAME>R89.htm
found line <FILENAME>R57.htm
found line <FILENAME>R109.htm
found line <FILENAME>R76.htm
found line <FILENAME>R86.htm
found line <FILENAME>R81.htm
found line <FILENAME>R87.htm
found line <FILENAME>R77.htm
found line <FILENAME>R71.htm
found line <FILENAME>R25.htm
found line <FILENAME>R50.htm
found line <FILENAME>R42.htm
found line <FILENAME>R75.htm
found line <FILENAME>R97.htm
found line <FILENAME>R37.htm
found line <FILENAME>R52.htm
found line <FILENAME>R67.htm
found line <FILENAME>R111.htm
found line <FILENAME>R61.htm
found line <FILENAME>R47.htm
found line <FILENAME>R9.htm
found line <FILENAME>R62.htm
found line <FILENAME>Financial_Report.xls
found line <FILENAME>R43.htm
found line <FILENAME>R29.htm
found line <FILENAME>R28.htm
found line <FILENAME>R100.htm
found line <FILENAME>R56.htm
found line <FILENAME>R44.htm
found line <FILENAME>R30.htm
found line <FILENAME>R31.htm
found line <FILENAME>R8.htm
found line <FILENAME>R32.htm
found line <FILENAME>R83.htm
found line <FILENAME>R40.htm
found line <FILENAME>R53.htm
found line <FILENAME>R72.htm
found line <FILENAME>R2.htm
created file financials/CVX/CVX_2012_income.txt containing file R2.htm
found line <FILENAME>cvx-123112x10kdoc.htm
found line <FILENAME>cvx12312012ex109cipawardcr.htm
found line <FILENAME>cvx12312012ex1013rsugranta.htm
found line <FILENAME>cvx12312012ex121ratios.htm
found line <FILENAME>cvx12312012ex211subsidiari.htm
found line <FILENAME>cvx12312012ex231consent.htm
found line <FILENAME>cvx12312012ex241poa.htm
found line <FILENAME>cvx12312012ex242poa.htm
found line <FILENAME>cvx12312012ex243poa.htm
found line <FILENAME>cvx12312012ex244poa.htm
found line <FILENAME>cvx12312012ex245poa.htm
found line <FILENAME>cvx12312012ex246poa.htm
found line <FILENAME>cvx12312012ex247poa.htm
found line <FILENAME>cvx12312012ex248poa.htm
found line <FILENAME>cvx12312012ex249poa.htm
found line <FILENAME>cvx12312012ex311ceo-sox302.htm
found line <FILENAME>cvx12312012ex312cfo-sox302.htm
found line <FILENAME>cvx12312012ex321ceo-sox906.htm
found line <FILENAME>cvx12312012ex322cfo-sox906.htm
found line <FILENAME>cvx12312012ex95minesafety.htm
found line <FILENAME>cvx12312012ex991definitions.htm
found line <FILENAME>cvx-20121231.xml
found line <FILENAME>cvx-20121231.xsd
found line <FILENAME>cvx-20121231_cal.xml
found line <FILENAME>cvx-20121231_def.xml
found line <FILENAME>cvx-20121231_lab.xml
found line <FILENAME>cvx-20121231_pre.xml
found line <FILENAME>a009crudeoilpricesv1.jpg
found line <FILENAME>a010bnetcrudebkv1.jpg
found line <FILENAME>a011bnetnatgasprodv1.jpg
found line <FILENAME>a014anetprovedfrv1.jpg
found line <FILENAME>a014bnetprovedreservesliquid.jpg
found line <FILENAME>a015explprodcapexplexpv1.jpg
found line <FILENAME>a016explorexpensev1.jpg
found line <FILENAME>a017wwexplprodearningsv1.jpg
found line <FILENAME>a018usgasandotherv1.jpg
found line <FILENAME>a019wwrefinemktgv1.jpg
found line <FILENAME>a020intlgasotherrefinedv1.jpg
found line <FILENAME>a022bcashprovopactbkv1.jpg
found line <FILENAME>a023totintexpv1.jpg
found line <FILENAME>a024debtratiov1updated.jpg
found line <FILENAME>ambu.jpg
found line <FILENAME>asiasouth.jpg
found line <FILENAME>australia.jpg
found line <FILENAME>canada.jpg
found line <FILENAME>centralafrica.jpg
found line <FILENAME>china.jpg
found line <FILENAME>easterneurope.jpg
found line <FILENAME>eurasia.jpg
found line <FILENAME>globalupstream.jpg
found line <FILENAME>gulfofmexico.jpg
found line <FILENAME>indonesia.jpg
found line <FILENAME>jsw.gif
found line <FILENAME>latinamericabottm.jpg
found line <FILENAME>latinamericatop.jpg
found line <FILENAME>midcon.jpg
found line <FILENAME>middleeast.jpg
found line <FILENAME>mjf.gif
found line <FILENAME>nigeria.jpg
found line <FILENAME>pey.gif
found line <FILENAME>pwc.gif
found line <FILENAME>westerneurope.jpg
found line <FILENAME>R39.htm
found line <FILENAME>R112.htm
found line <FILENAME>R54.htm
found line <FILENAME>R48.htm
found line <FILENAME>R70.htm
found line <FILENAME>R55.htm
found line <FILENAME>R78.htm
found line <FILENAME>R104.htm
found line <FILENAME>R46.htm
found line <FILENAME>R33.htm
found line <FILENAME>R79.htm
found line <FILENAME>report.css
found line <FILENAME>R73.htm
found line <FILENAME>R89.htm
found line <FILENAME>R57.htm
found line <FILENAME>R109.htm
found line <FILENAME>R76.htm
found line <FILENAME>R86.htm
found line <FILENAME>R81.htm
found line <FILENAME>R87.htm
found line <FILENAME>R77.htm
found line <FILENAME>R71.htm
found line <FILENAME>R25.htm
found line <FILENAME>R50.htm
found line <FILENAME>R42.htm
found line <FILENAME>R75.htm
found line <FILENAME>R97.htm
found line <FILENAME>R37.htm
found line <FILENAME>R52.htm
found line <FILENAME>R67.htm
found line <FILENAME>R111.htm
found line <FILENAME>R61.htm
found line <FILENAME>R47.htm
found line <FILENAME>R9.htm
found line <FILENAME>R62.htm
found line <FILENAME>Financial_Report.xls
found line <FILENAME>R43.htm
found line <FILENAME>R29.htm
found line <FILENAME>R28.htm
found line <FILENAME>R100.htm
found line <FILENAME>R56.htm
found line <FILENAME>R44.htm
found line <FILENAME>R30.htm
found line <FILENAME>R31.htm
found line <FILENAME>R8.htm
found line <FILENAME>R32.htm
found line <FILENAME>R83.htm
found line <FILENAME>R40.htm
found line <FILENAME>R53.htm
found line <FILENAME>R72.htm
found line <FILENAME>R2.htm
found line <FILENAME>R45.htm
found line <FILENAME>R96.htm
found line <FILENAME>R113.htm
found line <FILENAME>R6.htm
found line <FILENAME>R94.htm
found line <FILENAME>R59.htm
found line <FILENAME>R99.htm
found line <FILENAME>R35.htm
found line <FILENAME>R65.htm
found line <FILENAME>R22.htm
found line <FILENAME>R36.htm
found line <FILENAME>R98.htm
found line <FILENAME>R24.htm
found line <FILENAME>R68.htm
found line <FILENAME>R108.htm
found line <FILENAME>Show.js
found line <FILENAME>R7.htm
found line <FILENAME>R3.htm
found line <FILENAME>R17.htm
found line <FILENAME>R103.htm
found line <FILENAME>R93.htm
found line <FILENAME>R91.htm
found line <FILENAME>R1.htm
found line <FILENAME>R18.htm
found line <FILENAME>R80.htm
found line <FILENAME>R90.htm
found line <FILENAME>R4.htm
created file financials/CVX/CVX_2012_balance.txt containing file R4.htm
edgar.rb get10k called with acn TICKER: CVX , YEAR: 2011 , ACN: 0000950123-12-002976
Called find_names_of_income_and_balance_statements()
Found filename for document
Found filename for document
Found filename for document
Found filename for document
Found filename for document
Found the filing Summary!!!!!
checking a report Document and Entity Information
checking a report Consolidated Statement of Income
Found income report!!!!! its in the file: R2.htm
checking a report Consolidated Statement of Comprehensive Income
checking a report Consolidated Balance Sheet
Found Balance report!!!!! its in the file: R4.htm
found line <FILENAME>f60351e10vk.htm
found line <FILENAME>f60351exv10w9.htm
found line <FILENAME>f60351exv10w13.htm
found line <FILENAME>f60351exv10w16.htm
found line <FILENAME>f60351exv12w1.htm
found line <FILENAME>f60351exv21w1.htm
found line <FILENAME>f60351exv23w1.htm
found line <FILENAME>f60351exv24w1.htm
found line <FILENAME>f60351exv24w2.htm
found line <FILENAME>f60351exv24w3.htm
found line <FILENAME>f60351exv24w4.htm
found line <FILENAME>f60351exv24w5.htm
found line <FILENAME>f60351exv24w6.htm
found line <FILENAME>f60351exv24w7.htm
found line <FILENAME>f60351exv24w8.htm
found line <FILENAME>f60351exv24w9.htm
found line <FILENAME>f60351exv24w10.htm
found line <FILENAME>f60351exv24w11.htm
found line <FILENAME>f60351exv31w1.htm
found line <FILENAME>f60351exv31w2.htm
found line <FILENAME>f60351exv32w1.htm
found line <FILENAME>f60351exv32w2.htm
found line <FILENAME>f60351exv95.htm
found line <FILENAME>f60351exv99w1.htm
found line <FILENAME>cvx-20111231.xml
found line <FILENAME>cvx-20111231.xsd
found line <FILENAME>cvx-20111231_cal.xml
found line <FILENAME>cvx-20111231_lab.xml
found line <FILENAME>cvx-20111231_pre.xml
found line <FILENAME>cvx-20111231_def.xml
found line <FILENAME>f60351f6035101.jpg
found line <FILENAME>f60351f6035102.jpg
found line <FILENAME>f60351f6035105.jpg
found line <FILENAME>f60351f6035107.jpg
found line <FILENAME>f60351f6035109.jpg
found line <FILENAME>f60351f6035110.jpg
found line <FILENAME>f60351f6035113.jpg
found line <FILENAME>f60351f6035115.jpg
found line <FILENAME>f60351f6035150.jpg
found line <FILENAME>f60351f6035117.jpg
found line <FILENAME>f60351f6035119.jpg
found line <FILENAME>f60351f6035120.jpg
found line <FILENAME>f60351f6035123.jpg
found line <FILENAME>f60351f6035125.jpg
found line <FILENAME>f60351f6035127.jpg
found line <FILENAME>f60351f6035129.jpg
found line <FILENAME>f60351f6035131.gif
found line <FILENAME>f60351f6035132.gif
found line <FILENAME>f60351f6035133.gif
found line <FILENAME>f60351f6035134.gif
found line <FILENAME>f60351f6035135.gif
found line <FILENAME>f60351f6035136.gif
found line <FILENAME>f60351f6035137.gif
found line <FILENAME>f60351f6035138.gif
found line <FILENAME>f60351f6035139.gif
found line <FILENAME>f60351f6035140.gif
found line <FILENAME>f60351f6035141.gif
found line <FILENAME>f60351f6035142.gif
found line <FILENAME>f60351f6035143.gif
found line <FILENAME>f60351f6035144.gif
found line <FILENAME>f60351f6035145.gif
found line <FILENAME>f60351f6035146.gif
found line <FILENAME>f60351f6035147.gif
found line <FILENAME>f60351f6035148.gif
found line <FILENAME>R39.htm
found line <FILENAME>R112.htm
found line <FILENAME>R54.htm
found line <FILENAME>R48.htm
found line <FILENAME>R70.htm
found line <FILENAME>R55.htm
found line <FILENAME>R78.htm
found line <FILENAME>R104.htm
found line <FILENAME>R46.htm
found line <FILENAME>R33.htm
found line <FILENAME>R79.htm
found line <FILENAME>report.css
found line <FILENAME>R73.htm
found line <FILENAME>R89.htm
found line <FILENAME>R57.htm
found line <FILENAME>R109.htm
found line <FILENAME>R76.htm
found line <FILENAME>R86.htm
found line <FILENAME>R81.htm
found line <FILENAME>R87.htm
found line <FILENAME>R77.htm
found line <FILENAME>R71.htm
found line <FILENAME>R25.htm
found line <FILENAME>R50.htm
found line <FILENAME>R42.htm
found line <FILENAME>R75.htm
found line <FILENAME>R97.htm
found line <FILENAME>R37.htm
found line <FILENAME>R52.htm
found line <FILENAME>R67.htm
found line <FILENAME>R111.htm
found line <FILENAME>R61.htm
found line <FILENAME>R47.htm
found line <FILENAME>R9.htm
found line <FILENAME>R62.htm
found line <FILENAME>0000950123-12-002976-xbrl.zip
found line <FILENAME>Financial_Report.xls
found line <FILENAME>R43.htm
found line <FILENAME>R29.htm
found line <FILENAME>R28.htm
found line <FILENAME>R100.htm
found line <FILENAME>R56.htm
found line <FILENAME>R44.htm
found line <FILENAME>R30.htm
found line <FILENAME>R31.htm
found line <FILENAME>R8.htm
found line <FILENAME>R32.htm
found line <FILENAME>R83.htm
found line <FILENAME>R40.htm
found line <FILENAME>R53.htm
found line <FILENAME>R72.htm
found line <FILENAME>R2.htm
created file financials/CVX/CVX_2011_income.txt containing file R2.htm
found line <FILENAME>f60351e10vk.htm
found line <FILENAME>f60351exv10w9.htm
found line <FILENAME>f60351exv10w13.htm
found line <FILENAME>f60351exv10w16.htm
found line <FILENAME>f60351exv12w1.htm
found line <FILENAME>f60351exv21w1.htm
found line <FILENAME>f60351exv23w1.htm
found line <FILENAME>f60351exv24w1.htm
found line <FILENAME>f60351exv24w2.htm
found line <FILENAME>f60351exv24w3.htm
found line <FILENAME>f60351exv24w4.htm
found line <FILENAME>f60351exv24w5.htm
found line <FILENAME>f60351exv24w6.htm
found line <FILENAME>f60351exv24w7.htm
found line <FILENAME>f60351exv24w8.htm
found line <FILENAME>f60351exv24w9.htm
found line <FILENAME>f60351exv24w10.htm
found line <FILENAME>f60351exv24w11.htm
found line <FILENAME>f60351exv31w1.htm
found line <FILENAME>f60351exv31w2.htm
found line <FILENAME>f60351exv32w1.htm
found line <FILENAME>f60351exv32w2.htm
found line <FILENAME>f60351exv95.htm
found line <FILENAME>f60351exv99w1.htm
found line <FILENAME>cvx-20111231.xml
found line <FILENAME>cvx-20111231.xsd
found line <FILENAME>cvx-20111231_cal.xml
found line <FILENAME>cvx-20111231_lab.xml
found line <FILENAME>cvx-20111231_pre.xml
found line <FILENAME>cvx-20111231_def.xml
found line <FILENAME>f60351f6035101.jpg
found line <FILENAME>f60351f6035102.jpg
found line <FILENAME>f60351f6035105.jpg
found line <FILENAME>f60351f6035107.jpg
found line <FILENAME>f60351f6035109.jpg
found line <FILENAME>f60351f6035110.jpg
found line <FILENAME>f60351f6035113.jpg
found line <FILENAME>f60351f6035115.jpg
found line <FILENAME>f60351f6035150.jpg
found line <FILENAME>f60351f6035117.jpg
found line <FILENAME>f60351f6035119.jpg
found line <FILENAME>f60351f6035120.jpg
found line <FILENAME>f60351f6035123.jpg
found line <FILENAME>f60351f6035125.jpg
found line <FILENAME>f60351f6035127.jpg
found line <FILENAME>f60351f6035129.jpg
found line <FILENAME>f60351f6035131.gif
found line <FILENAME>f60351f6035132.gif
found line <FILENAME>f60351f6035133.gif
found line <FILENAME>f60351f6035134.gif
found line <FILENAME>f60351f6035135.gif
found line <FILENAME>f60351f6035136.gif
found line <FILENAME>f60351f6035137.gif
found line <FILENAME>f60351f6035138.gif
found line <FILENAME>f60351f6035139.gif
found line <FILENAME>f60351f6035140.gif
found line <FILENAME>f60351f6035141.gif
found line <FILENAME>f60351f6035142.gif
found line <FILENAME>f60351f6035143.gif
found line <FILENAME>f60351f6035144.gif
found line <FILENAME>f60351f6035145.gif
found line <FILENAME>f60351f6035146.gif
found line <FILENAME>f60351f6035147.gif
found line <FILENAME>f60351f6035148.gif
found line <FILENAME>R39.htm
found line <FILENAME>R112.htm
found line <FILENAME>R54.htm
found line <FILENAME>R48.htm
found line <FILENAME>R70.htm
found line <FILENAME>R55.htm
found line <FILENAME>R78.htm
found line <FILENAME>R104.htm
found line <FILENAME>R46.htm
found line <FILENAME>R33.htm
found line <FILENAME>R79.htm
found line <FILENAME>report.css
found line <FILENAME>R73.htm
found line <FILENAME>R89.htm
found line <FILENAME>R57.htm
found line <FILENAME>R109.htm
found line <FILENAME>R76.htm
found line <FILENAME>R86.htm
found line <FILENAME>R81.htm
found line <FILENAME>R87.htm
found line <FILENAME>R77.htm
found line <FILENAME>R71.htm
found line <FILENAME>R25.htm
found line <FILENAME>R50.htm
found line <FILENAME>R42.htm
found line <FILENAME>R75.htm
found line <FILENAME>R97.htm
found line <FILENAME>R37.htm
found line <FILENAME>R52.htm
found line <FILENAME>R67.htm
found line <FILENAME>R111.htm
found line <FILENAME>R61.htm
found line <FILENAME>R47.htm
found line <FILENAME>R9.htm
found line <FILENAME>R62.htm
found line <FILENAME>0000950123-12-002976-xbrl.zip
found line <FILENAME>Financial_Report.xls
found line <FILENAME>R43.htm
found line <FILENAME>R29.htm
found line <FILENAME>R28.htm
found line <FILENAME>R100.htm
found line <FILENAME>R56.htm
found line <FILENAME>R44.htm
found line <FILENAME>R30.htm
found line <FILENAME>R31.htm
found line <FILENAME>R8.htm
found line <FILENAME>R32.htm
found line <FILENAME>R83.htm
found line <FILENAME>R40.htm
found line <FILENAME>R53.htm
found line <FILENAME>R72.htm
found line <FILENAME>R2.htm
found line <FILENAME>R45.htm
found line <FILENAME>R96.htm
found line <FILENAME>R113.htm
found line <FILENAME>R6.htm
found line <FILENAME>R94.htm
found line <FILENAME>R59.htm
found line <FILENAME>R99.htm
found line <FILENAME>R35.htm
found line <FILENAME>R65.htm
found line <FILENAME>R22.htm
found line <FILENAME>R36.htm
found line <FILENAME>R98.htm
found line <FILENAME>R24.htm
found line <FILENAME>R68.htm
found line <FILENAME>R108.htm
found line <FILENAME>Show.js
found line <FILENAME>R7.htm
found line <FILENAME>R3.htm
found line <FILENAME>R17.htm
found line <FILENAME>R103.htm
found line <FILENAME>R93.htm
found line <FILENAME>R91.htm
found line <FILENAME>R1.htm
found line <FILENAME>R18.htm
found line <FILENAME>R80.htm
found line <FILENAME>R90.htm
found line <FILENAME>R4.htm
created file financials/CVX/CVX_2011_balance.txt containing file R4.htm
edgar.rb get10k called with acn TICKER: CVX , YEAR: 2010 , ACN: 0000950123-11-017688
Called find_names_of_income_and_balance_statements()
Found filename for document
Found filename for document
Found filename for document
Found filename for document
Found filename for document
Found filename for document
Found filename for document
Found filename for document
Found filename for document
Found filename for document
Found filename for document
Found filename for document
Found the filing Summary!!!!!
checking a report Document and Entity Information
checking a report Consolidated Statement of Income
Found income report!!!!! its in the file: 
checking a report Consolidated Statement of Comprehensive Income
checking a report Consolidated Balance Sheet
Found Balance report!!!!! its in the file: 
found line <FILENAME>f56670e10vk.htm
created file financials/CVX/CVX_2010_income.txt containing file 
found line <FILENAME>f56670e10vk.htm
created file financials/CVX/CVX_2010_balance.txt containing file 
edgar.rb get10k called with acn TICKER: CVX , YEAR: 2009 , ACN: 0000950123-10-016846
Called find_names_of_income_and_balance_statements()
Found filename for document
Found filename for document
Found filename for document
Found filename for document
Found filename for document
Found the filing Summary!!!!!
checking a report Document and Company Information
checking a report Consolidated Statement of Income
Found income report!!!!! its in the file: 
checking a report Consolidated Statement of Comprehensive Income
checking a report Consolidated Balance Sheet
Found Balance report!!!!! its in the file: 
found line <FILENAME>f54086e10vk.htm
created file financials/CVX/CVX_2009_income.txt containing file 
found line <FILENAME>f54086e10vk.htm
created file financials/CVX/CVX_2009_balance.txt containing file 
