Found filename for document
Found filename for document
Found filename for document
Found the filing Summary!!!!!
checking a report Document and Entity Information
checking a report Consolidated Statement of Income (Unaudited)
Found income report!!!!! its in the file: R2.htm
checking a report Consolidated Statement of Income (Unaudited) (Parenthetical)
checking a report Consolidated Statement of Comprehensive Income (Unaudited)
checking a report Consolidated Balance Sheet (Unaudited)
Found Balance report!!!!! its in the file: R5.htm
found line <FILENAME>cvx-03312014x10qdoc.htm
found line <FILENAME>cvx03312014ex12ratios.htm
found line <FILENAME>cvx03312014ex311ceo-sox302.htm
found line <FILENAME>cvx03312014ex312cfo-sox302.htm
found line <FILENAME>cvx03312014ex321ceo-sox906.htm
found line <FILENAME>cvx03312014ex322cfo-sox906.htm
found line <FILENAME>cvx03312014ex95minesafety.htm
found line <FILENAME>cvx-20140331.xml
found line <FILENAME>cvx-20140331.xsd
found line <FILENAME>cvx-20140331_cal.xml
found line <FILENAME>cvx-20140331_def.xml
found line <FILENAME>cvx-20140331_lab.xml
found line <FILENAME>cvx-20140331_pre.xml
found line <FILENAME>boegraph.jpg
found line <FILENAME>R39.htm
found line <FILENAME>R54.htm
found line <FILENAME>R48.htm
found line <FILENAME>Financial_Report.xlsx
found line <FILENAME>0000093410-14-000024-xbrl.zip
found line <FILENAME>R55.htm
found line <FILENAME>R46.htm
found line <FILENAME>R33.htm
found line <FILENAME>report.css
found line <FILENAME>R57.htm
found line <FILENAME>R25.htm
found line <FILENAME>R50.htm
found line <FILENAME>R42.htm
found line <FILENAME>R37.htm
found line <FILENAME>R52.htm
found line <FILENAME>R47.htm
found line <FILENAME>R9.htm
found line <FILENAME>Financial_Report.xls
found line <FILENAME>R43.htm
found line <FILENAME>R29.htm
found line <FILENAME>R28.htm
found line <FILENAME>R56.htm
found line <FILENAME>R44.htm
found line <FILENAME>R30.htm
found line <FILENAME>R31.htm
found line <FILENAME>R8.htm
found line <FILENAME>R32.htm
found line <FILENAME>R40.htm
found line <FILENAME>R53.htm
found line <FILENAME>R2.htm
created file financials/CVX/CVX_2013_income.txt containing file R2.htm
found line <FILENAME>cvx-03312014x10qdoc.htm
found line <FILENAME>cvx03312014ex12ratios.htm
found line <FILENAME>cvx03312014ex311ceo-sox302.htm
found line <FILENAME>cvx03312014ex312cfo-sox302.htm
found line <FILENAME>cvx03312014ex321ceo-sox906.htm
found line <FILENAME>cvx03312014ex322cfo-sox906.htm
found line <FILENAME>cvx03312014ex95minesafety.htm
found line <FILENAME>cvx-20140331.xml
found line <FILENAME>cvx-20140331.xsd
found line <FILENAME>cvx-20140331_cal.xml
found line <FILENAME>cvx-20140331_def.xml
found line <FILENAME>cvx-20140331_lab.xml
found line <FILENAME>cvx-20140331_pre.xml
found line <FILENAME>boegraph.jpg
found line <FILENAME>R39.htm
found line <FILENAME>R54.htm
found line <FILENAME>R48.htm
found line <FILENAME>Financial_Report.xlsx
found line <FILENAME>0000093410-14-000024-xbrl.zip
found line <FILENAME>R55.htm
found line <FILENAME>R46.htm
found line <FILENAME>R33.htm
found line <FILENAME>report.css
found line <FILENAME>R57.htm
found line <FILENAME>R25.htm
found line <FILENAME>R50.htm
found line <FILENAME>R42.htm
found line <FILENAME>R37.htm
found line <FILENAME>R52.htm
found line <FILENAME>R47.htm
found line <FILENAME>R9.htm
found line <FILENAME>Financial_Report.xls
found line <FILENAME>R43.htm
found line <FILENAME>R29.htm
found line <FILENAME>R28.htm
found line <FILENAME>R56.htm
found line <FILENAME>R44.htm
found line <FILENAME>R30.htm
found line <FILENAME>R31.htm
found line <FILENAME>R8.htm
found line <FILENAME>R32.htm
found line <FILENAME>R40.htm
found line <FILENAME>R53.htm
found line <FILENAME>R2.htm
found line <FILENAME>R45.htm
found line <FILENAME>R6.htm
found line <FILENAME>R59.htm
found line <FILENAME>R35.htm
found line <FILENAME>R22.htm
found line <FILENAME>R36.htm
found line <FILENAME>R24.htm
found line <FILENAME>Show.js
found line <FILENAME>R7.htm
found line <FILENAME>R3.htm
found line <FILENAME>R17.htm
found line <FILENAME>R1.htm
found line <FILENAME>R18.htm
found line <FILENAME>R4.htm
found line <FILENAME>R12.htm
found line <FILENAME>R11.htm
found line <FILENAME>R23.htm
found line <FILENAME>R19.htm
found line <FILENAME>R15.htm
found line <FILENAME>R13.htm
found line <FILENAME>R14.htm
found line <FILENAME>R16.htm
found line <FILENAME>R34.htm
found line <FILENAME>R51.htm
found line <FILENAME>R21.htm
found line <FILENAME>R26.htm
found line <FILENAME>R49.htm
found line <FILENAME>R41.htm
found line <FILENAME>R5.htm
created file financials/CVX/CVX_2013_balance.txt containing file R5.htm
